Log file open, 03/22/19 05:31:43
LogWindows: Failed to load 'aqProf.dll' (GetLastError=126)
LogWindows: File 'aqProf.dll' does not exist
LogWindows: Failed to load 'VtuneApi.dll' (GetLastError=126)
LogWindows: File 'VtuneApi.dll' does not exist
LogWindows: Failed to load 'VtuneApi32e.dll' (GetLastError=126)
LogWindows: File 'VtuneApi32e.dll' does not exist
LogConsoleResponse: Display: Failed to find resolution value strings in scalability ini. Falling back to default.
LogInit: Display: Running engine for game: TrainJam
LogPakFile: Registered encryption key '00000000000000000000000000000000': 0 pak files mounted, 0 remain pending
LogPlatformFile: Not using cached read wrapper
LogTaskGraph: Started task graph with 5 named threads and 35 total threads with 3 sets of task threads.
LogStats: Stats thread started at 0.446960
LogD3D11RHI: Loaded GFSDK_Aftermath_Lib.x64.dll
LogICUInternationalization: ICU TimeZone Detection - Raw Offset: +0:00, Platform Override: ''
LogPluginManager: Mounting plugin Paper2D
LogPluginManager: Mounting plugin AISupport
LogPluginManager: Mounting plugin LightPropagationVolume
LogPluginManager: Mounting plugin ActorLayerUtilities
LogPluginManager: Mounting plugin CLionSourceCodeAccess
LogPluginManager: Mounting plugin CodeLiteSourceCodeAccess
LogPluginManager: Mounting plugin GitSourceControl
LogPluginManager: Mounting plugin KDevelopSourceCodeAccess
LogPluginManager: Mounting plugin NullSourceCodeAccess
LogPluginManager: Mounting plugin PerforceSourceControl
LogPluginManager: Mounting plugin SubversionSourceControl
LogPluginManager: Mounting plugin UObjectPlugin
LogPluginManager: Mounting plugin VisualStudioCodeSourceCodeAccess
LogPluginManager: Mounting plugin VisualStudioSourceCodeAccess
LogPluginManager: Mounting plugin XCodeSourceCodeAccess
LogPluginManager: Mounting plugin AssetManagerEditor
LogPluginManager: Mounting plugin CryptoKeys
LogPluginManager: Mounting plugin DataValidation
LogPluginManager: Mounting plugin EditorScriptingUtilities
LogPluginManager: Mounting plugin FacialAnimation
LogPluginManager: Mounting plugin GameplayTagsEditor
LogPluginManager: Mounting plugin MacGraphicsSwitching
LogPluginManager: Mounting plugin MeshEditor
LogPluginManager: Mounting plugin MobileLauncherProfileWizard
LogPluginManager: Mounting plugin PluginBrowser
LogPluginManager: Mounting plugin SpeedTreeImporter
LogPluginManager: Mounting plugin DatasmithContent
LogPluginManager: Mounting plugin VariantManagerContent
LogPluginManager: Mounting plugin AlembicImporter
LogPluginManager: Mounting plugin AppleImageUtils
LogPluginManager: Mounting plugin AppleVision
LogPluginManager: Mounting plugin BackChannel
LogPluginManager: Mounting plugin CharacterAI
LogPluginManager: Mounting plugin GeometryCache
LogPluginManager: Mounting plugin HTML5Networking
LogPluginManager: Mounting plugin ProxyLODPlugin
LogPluginManager: Mounting plugin MagicLeap
LogPluginManager: Mounting plugin MagicLeapMedia
LogPluginManager: Mounting plugin AndroidMedia
LogPluginManager: Mounting plugin AvfMedia
LogPluginManager: Mounting plugin ImgMedia
LogPluginManager: Mounting plugin LinearTimecode
LogPluginManager: Mounting plugin MediaCompositing
LogPluginManager: Mounting plugin MediaPlayerEditor
LogPluginManager: Mounting plugin WebMMedia
LogPluginManager: Mounting plugin WmfMedia
LogPluginManager: Mounting plugin TcpMessaging
LogPluginManager: Mounting plugin UdpMessaging
LogPluginManager: Mounting plugin ActorSequence
LogPluginManager: Mounting plugin LevelSequenceEditor
LogPluginManager: Mounting plugin MatineeToLevelSequence
LogPluginManager: Mounting plugin NetcodeUnitTest
LogPluginManager: Mounting plugin NUTUnrealEngine4
LogPluginManager: Mounting plugin OnlineSubsystemGooglePlay
LogPluginManager: Mounting plugin OnlineSubsystemIOS
LogPluginManager: Mounting plugin OnlineSubsystem
LogPluginManager: Mounting plugin OnlineSubsystemNull
LogPluginManager: Mounting plugin OnlineSubsystemUtils
LogPluginManager: Mounting plugin LauncherChunkInstaller
LogPluginManager: Mounting plugin AndroidDeviceProfileSelector
LogPluginManager: Mounting plugin AndroidMoviePlayer
LogPluginManager: Mounting plugin AndroidPermission
LogPluginManager: Mounting plugin AppleMoviePlayer
LogPluginManager: Mounting plugin ArchVisCharacter
LogPluginManager: Mounting plugin AudioCapture
LogPluginManager: Mounting plugin CableComponent
LogPluginManager: Mounting plugin CustomMeshComponent
LogPluginManager: Mounting plugin EditableMesh
LogPluginManager: Mounting plugin ExampleDeviceProfileSelector
LogPluginManager: Mounting plugin Firebase
LogPluginManager: Mounting plugin GoogleCloudMessaging
LogPluginManager: Mounting plugin IOSDeviceProfileSelector
LogPluginManager: Mounting plugin LinuxDeviceProfileSelector
LogPluginManager: Mounting plugin LocationServicesBPLibrary
LogPluginManager: Mounting plugin MobilePatchingUtils
LogPluginManager: Mounting plugin OculusVR
LogPluginManager: Mounting plugin PhysXVehicles
LogPluginManager: Mounting plugin ProceduralMeshComponent
LogPluginManager: Mounting plugin RuntimePhysXCooking
LogPluginManager: Mounting plugin WebMMoviePlayer
LogPluginManager: Mounting plugin WindowsMoviePlayer
LogPluginManager: Mounting plugin DatasmithCADImporter
LogPluginManager: Mounting plugin DatasmithFBXImporter
LogPluginManager: Mounting plugin DatasmithImporter
LogPluginManager: Mounting plugin MDLImporter
LogPluginManager: Mounting plugin StaticMeshEditorExtension
LogPluginManager: Mounting plugin VariantManager
LogStreaming: Display: Took  0.135s to configure plugins.
LogInit: Using libcurl 7.55.1-DEV
LogInit:  - built for x86_64-pc-win32
LogInit:  - supports SSL with OpenSSL/1.0.2h
LogInit:  - supports HTTP deflate (compression) using libz 1.2.8
LogInit:  - other features:
LogInit:      CURL_VERSION_SSL
LogInit:      CURL_VERSION_LIBZ
LogInit:      CURL_VERSION_IPV6
LogInit:      CURL_VERSION_ASYNCHDNS
LogInit:      CURL_VERSION_LARGEFILE
LogInit:      CURL_VERSION_IDN
LogInit:  CurlRequestOptions (configurable via config and command line):
LogInit:  - bVerifyPeer = true  - Libcurl will verify peer certificate
LogInit:  - bUseHttpProxy = false  - Libcurl will NOT use HTTP proxy
LogInit:  - bDontReuseConnections = false  - Libcurl will reuse connections
LogInit:  - MaxHostConnections = 16  - Libcurl will limit the number of connections to a host
LogInit:  - LocalHostAddr = Default
LogInit:  - BufferSize = 65536
LogInit: WinSock: version 1.1 (2.2), MaxSocks=32767, MaxUdp=65467
LogInit: Build: ++UE4+Release-4.21-CL-4613538
LogInit: Engine Version: 4.21.1-4613538+++UE4+Release-4.21
LogInit: Compatible Engine Version: 4.21.0-4541578+++UE4+Release-4.21
LogInit: Net CL: 4541578
LogInit: OS: Windows 10 (), CPU: Intel(R) Core(TM) i7-5820K CPU @ 3.30GHz, GPU: NVIDIA GeForce GTX 1080
LogInit: Compiled (64-bit): Nov 30 2018 04:13:25
LogInit: Compiled with Visual C++: 19.13.26129.00
LogInit: Build Configuration: Development
LogInit: Branch Name: ++UE4+Release-4.21
LogInit: Command Line: 
LogInit: Base Directory: C:/Program Files/Epic Games/UE_4.21/Engine/Binaries/Win64/
LogInit: Installed Engine Build: 1
LogDevObjectVersion: Number of dev versions registered: 22
LogDevObjectVersion:   Dev-Blueprints (B0D832E4-1F89-4F0D-ACCF-7EB736FD4AA2): 10
LogDevObjectVersion:   Dev-Build (E1C64328-A22C-4D53-A36C-8E866417BD8C): 0
LogDevObjectVersion:   Dev-Core (375EC13C-06E4-48FB-B500-84F0262A717E): 2
LogDevObjectVersion:   Dev-Editor (E4B068ED-F494-42E9-A231-DA0B2E46BB41): 26
LogDevObjectVersion:   Dev-Framework (CFFC743F-43B0-4480-9391-14DF171D2073): 34
LogDevObjectVersion:   Dev-Mobile (B02B49B5-BB20-44E9-A304-32B752E40360): 2
LogDevObjectVersion:   Dev-Networking (A4E4105C-59A1-49B5-A7C5-40C4547EDFEE): 0
LogDevObjectVersion:   Dev-Online (39C831C9-5AE6-47DC-9A44-9C173E1C8E7C): 0
LogDevObjectVersion:   Dev-Physics (78F01B33-EBEA-4F98-B9B4-84EACCB95AA2): 0
LogDevObjectVersion:   Dev-Platform (6631380F-2D4D-43E0-8009-CF276956A95A): 0
LogDevObjectVersion:   Dev-Rendering (12F88B9F-8875-4AFC-A67C-D90C383ABD29): 27
LogDevObjectVersion:   Dev-Sequencer (7B5AE74C-D270-4C10-A958-57980B212A5A): 9
LogDevObjectVersion:   Dev-VR (D7296918-1DD6-4BDD-9DE2-64A83CC13884): 2
LogDevObjectVersion:   Dev-LoadTimes (C2A15278-BFE7-4AFE-6C17-90FF531DF755): 1
LogDevObjectVersion:   Private-Geometry (6EACA3D4-40EC-4CC1-B786-8BED09428FC5): 3
LogDevObjectVersion:   Dev-AnimPhys (29E575DD-E0A3-4627-9D10-D276232CDCEA): 17
LogDevObjectVersion:   Dev-Anim (AF43A65D-7FD3-4947-9873-3E8ED9C1BB05): 2
LogDevObjectVersion:   Dev-ReflectionCapture (6B266CEC-1EC7-4B8F-A30B-E4D90942FC07): 1
LogDevObjectVersion:   Dev-Automation (0DF73D61-A23F-47EA-B727-89E90C41499A): 1
LogDevObjectVersion:   FortniteMain (601D1886-AC64-4F84-AA16-D3DE0DEAC7D6): 17
LogDevObjectVersion:   Dev-Enterprise (9DFFBCD6-494F-0158-E221-12823C92A888): 4
LogDevObjectVersion:   Dev-Niagara (F2AED0AC-9AFE-416F-8664-AA7FFA26D6FC): 1
LogStreaming: Display: Took  0.005s to delete old logs.
LogInit: Presizing for max 8388607 objects, including 0 objects not considered by GC, pre-allocating 0 bytes for permanent pool.
LogInit: Object subsystem initialized
LogConfig: Setting CVar [[con.DebugEarlyDefault:1]]
LogConfig: Setting CVar [[r.setres:1280x720]]
[2019.03.22-05.31.43:930][  0]LogConfig: Setting CVar [[r.VSync:0]]
[2019.03.22-05.31.43:930][  0]LogConfig: Setting CVar [[r.RHICmdBypass:0]]
[2019.03.22-05.31.43:930][  0]LogConfig: Applying CVar settings from Section [/Script/Engine.RendererSettings] File [C:/Users/ruari/Documents/GitHub/Train_Jam-03-19/TrainJam/Saved/Config/Windows/Engine.ini]
[2019.03.22-05.31.43:930][  0]LogConfig: Setting CVar [[r.GPUCrashDebugging:0]]
[2019.03.22-05.31.43:930][  0]LogConfig: Applying CVar settings from Section [/Script/Engine.RendererOverrideSettings] File [C:/Users/ruari/Documents/GitHub/Train_Jam-03-19/TrainJam/Saved/Config/Windows/Engine.ini]
[2019.03.22-05.31.43:930][  0]LogConfig: Applying CVar settings from Section [/Script/Engine.StreamingSettings] File [C:/Users/ruari/Documents/GitHub/Train_Jam-03-19/TrainJam/Saved/Config/Windows/Engine.ini]
[2019.03.22-05.31.43:930][  0]LogConfig: Setting CVar [[s.MinBulkDataSizeForAsyncLoading:131072]]
[2019.03.22-05.31.43:930][  0]LogConfig: Setting CVar [[s.AsyncLoadingThreadEnabled:0]]
[2019.03.22-05.31.43:930][  0]LogConfig: Setting CVar [[s.EventDrivenLoaderEnabled:1]]
[2019.03.22-05.31.43:930][  0]LogConfig: Setting CVar [[s.WarnIfTimeLimitExceeded:0]]
[2019.03.22-05.31.43:930][  0]LogConfig: Setting CVar [[s.TimeLimitExceededMultiplier:1.5]]
[2019.03.22-05.31.43:931][  0]LogConfig: Setting CVar [[s.TimeLimitExceededMinTime:0.005]]
[2019.03.22-05.31.43:931][  0]LogConfig: Setting CVar [[s.UseBackgroundLevelStreaming:1]]
[2019.03.22-05.31.43:931][  0]LogConfig: Setting CVar [[s.PriorityAsyncLoadingExtraTime:15.0]]
[2019.03.22-05.31.43:931][  0]LogConfig: Setting CVar [[s.LevelStreamingActorsUpdateTimeLimit:5.0]]
[2019.03.22-05.31.43:931][  0]LogConfig: Setting CVar [[s.PriorityLevelStreamingActorsUpdateExtraTime:5.0]]
[2019.03.22-05.31.43:931][  0]LogConfig: Setting CVar [[s.LevelStreamingComponentsRegistrationGranularity:10]]
[2019.03.22-05.31.43:931][  0]LogConfig: Setting CVar [[s.UnregisterComponentsTimeLimit:1.0]]
[2019.03.22-05.31.43:931][  0]LogConfig: Setting CVar [[s.LevelStreamingComponentsUnregistrationGranularity:5]]
[2019.03.22-05.31.43:931][  0]LogConfig: Applying CVar settings from Section [/Script/Engine.GarbageCollectionSettings] File [C:/Users/ruari/Documents/GitHub/Train_Jam-03-19/TrainJam/Saved/Config/Windows/Engine.ini]
[2019.03.22-05.31.43:931][  0]LogConfig: Setting CVar [[gc.MaxObjectsNotConsideredByGC:1]]
[2019.03.22-05.31.43:931][  0]LogConfig: Setting CVar [[gc.SizeOfPermanentObjectPool:0]]
[2019.03.22-05.31.43:931][  0]LogConfig: Setting CVar [[gc.FlushStreamingOnGC:0]]
[2019.03.22-05.31.43:931][  0]LogConfig: Setting CVar [[gc.NumRetriesBeforeForcingGC:10]]
[2019.03.22-05.31.43:931][  0]LogConfig: Setting CVar [[gc.AllowParallelGC:1]]
[2019.03.22-05.31.43:931][  0]LogConfig: Setting CVar [[gc.TimeBetweenPurgingPendingKillObjects:61.1]]
[2019.03.22-05.31.43:931][  0]LogConfig: Setting CVar [[gc.MaxObjectsInEditor:8388607]]
[2019.03.22-05.31.43:931][  0]LogConfig: Setting CVar [[gc.IncrementalBeginDestroyEnabled:1]]
[2019.03.22-05.31.43:931][  0]LogConfig: Setting CVar [[gc.CreateGCClusters:1]]
[2019.03.22-05.31.43:931][  0]LogConfig: Setting CVar [[gc.MergeGCClusters:0]]
[2019.03.22-05.31.43:931][  0]LogConfig: Setting CVar [[gc.MinGCClusterSize:5]]
[2019.03.22-05.31.43:931][  0]LogConfig: Setting CVar [[gc.ActorClusteringEnabled:0]]
[2019.03.22-05.31.43:931][  0]LogConfig: Setting CVar [[gc.BlueprintClusteringEnabled:0]]
[2019.03.22-05.31.43:931][  0]LogConfig: Setting CVar [[gc.UseDisregardForGCOnDedicatedServers:0]]
[2019.03.22-05.31.43:931][  0]LogConfig: Applying CVar settings from Section [/Script/Engine.NetworkSettings] File [C:/Users/ruari/Documents/GitHub/Train_Jam-03-19/TrainJam/Saved/Config/Windows/Engine.ini]
[2019.03.22-05.31.43:931][  0]LogConfig: Applying CVar settings from Section [/Script/UnrealEd.CookerSettings] File [C:/Users/ruari/Documents/GitHub/Train_Jam-03-19/TrainJam/Saved/Config/Windows/Engine.ini]
[2019.03.22-05.31.43:934][  0]LogConfig: Applying CVar settings from Section [ViewDistanceQuality@3] File [C:/Users/ruari/Documents/GitHub/Train_Jam-03-19/TrainJam/Saved/Config/Windows/Scalability.ini]
[2019.03.22-05.31.43:934][  0]LogConfig: Setting CVar [[r.SkeletalMeshLODBias:0]]
[2019.03.22-05.31.43:934][  0]LogConfig: Setting CVar [[r.ViewDistanceScale:1.0]]
[2019.03.22-05.31.43:934][  0]LogConfig: Applying CVar settings from Section [AntiAliasingQuality@3] File [C:/Users/ruari/Documents/GitHub/Train_Jam-03-19/TrainJam/Saved/Config/Windows/Scalability.ini]
[2019.03.22-05.31.43:934][  0]LogConfig: Setting CVar [[r.PostProcessAAQuality:4]]
[2019.03.22-05.31.43:934][  0]LogConfig: Applying CVar settings from Section [ShadowQuality@3] File [C:/Users/ruari/Documents/GitHub/Train_Jam-03-19/TrainJam/Saved/Config/Windows/Scalability.ini]
[2019.03.22-05.31.43:934][  0]LogConfig: Setting CVar [[r.LightFunctionQuality:1]]
[2019.03.22-05.31.43:934][  0]LogConfig: Setting CVar [[r.ShadowQuality:5]]
[2019.03.22-05.31.43:934][  0]LogConfig: Setting CVar [[r.Shadow.CSM.MaxCascades:10]]
[2019.03.22-05.31.43:934][  0]LogConfig: Setting CVar [[r.Shadow.MaxResolution:2048]]
[2019.03.22-05.31.43:934][  0]LogConfig: Setting CVar [[r.Shadow.MaxCSMResolution:2048]]
[2019.03.22-05.31.43:934][  0]LogConfig: Setting CVar [[r.Shadow.RadiusThreshold:0.01]]
[2019.03.22-05.31.43:934][  0]LogConfig: Setting CVar [[r.Shadow.DistanceScale:1.0]]
[2019.03.22-05.31.43:934][  0]LogConfig: Setting CVar [[r.Shadow.CSM.TransitionScale:1.0]]
[2019.03.22-05.31.43:934][  0]LogConfig: Setting CVar [[r.Shadow.PreShadowResolutionFactor:1.0]]
[2019.03.22-05.31.43:934][  0]LogConfig: Setting CVar [[r.DistanceFieldShadowing:1]]
[2019.03.22-05.31.43:934][  0]LogConfig: Setting CVar [[r.DistanceFieldAO:1]]
[2019.03.22-05.31.43:934][  0]LogConfig: Setting CVar [[r.AOQuality:2]]
[2019.03.22-05.31.43:934][  0]LogConfig: Setting CVar [[r.VolumetricFog:1]]
[2019.03.22-05.31.43:934][  0]LogConfig: Setting CVar [[r.VolumetricFog.GridPixelSize:8]]
[2019.03.22-05.31.43:934][  0]LogConfig: Setting CVar [[r.VolumetricFog.GridSizeZ:128]]
[2019.03.22-05.31.43:934][  0]LogConfig: Setting CVar [[r.VolumetricFog.HistoryMissSupersampleCount:4]]
[2019.03.22-05.31.43:934][  0]LogConfig: Setting CVar [[r.LightMaxDrawDistanceScale:1]]
[2019.03.22-05.31.43:934][  0]LogConfig: Setting CVar [[r.CapsuleShadows:1]]
[2019.03.22-05.31.43:934][  0]LogConfig: Applying CVar settings from Section [PostProcessQuality@3] File [C:/Users/ruari/Documents/GitHub/Train_Jam-03-19/TrainJam/Saved/Config/Windows/Scalability.ini]
[2019.03.22-05.31.43:934][  0]LogConfig: Setting CVar [[r.MotionBlurQuality:4]]
[2019.03.22-05.31.43:934][  0]LogConfig: Setting CVar [[r.AmbientOcclusionMipLevelFactor:0.4]]
[2019.03.22-05.31.43:934][  0]LogConfig: Setting CVar [[r.AmbientOcclusionMaxQuality:100]]
[2019.03.22-05.31.43:934][  0]LogConfig: Setting CVar [[r.AmbientOcclusionLevels:-1]]
[2019.03.22-05.31.43:934][  0]LogConfig: Setting CVar [[r.AmbientOcclusionRadiusScale:1.0]]
[2019.03.22-05.31.43:934][  0]LogConfig: Setting CVar [[r.DepthOfFieldQuality:2]]
[2019.03.22-05.31.43:934][  0]LogConfig: Setting CVar [[r.RenderTargetPoolMin:400]]
[2019.03.22-05.31.43:934][  0]LogConfig: Setting CVar [[r.LensFlareQuality:2]]
[2019.03.22-05.31.43:934][  0]LogConfig: Setting CVar [[r.SceneColorFringeQuality:1]]
[2019.03.22-05.31.43:934][  0]LogConfig: Setting CVar [[r.EyeAdaptationQuality:2]]
[2019.03.22-05.31.43:934][  0]LogConfig: Setting CVar [[r.BloomQuality:5]]
[2019.03.22-05.31.43:934][  0]LogConfig: Setting CVar [[r.FastBlurThreshold:100]]
[2019.03.22-05.31.43:935][  0]LogConfig: Setting CVar [[r.Upscale.Quality:3]]
[2019.03.22-05.31.43:935][  0]LogConfig: Setting CVar [[r.Tonemapper.GrainQuantization:1]]
[2019.03.22-05.31.43:935][  0]LogConfig: Setting CVar [[r.LightShaftQuality:1]]
[2019.03.22-05.31.43:935][  0]LogConfig: Setting CVar [[r.Filter.SizeScale:1]]
[2019.03.22-05.31.43:935][  0]LogConfig: Setting CVar [[r.Tonemapper.Quality:5]]
[2019.03.22-05.31.43:935][  0]LogConfig: Setting CVar [[r.DOF.Gather.AccumulatorQuality:1        ; higher gathering accumulator quality]]
[2019.03.22-05.31.43:935][  0]LogConfig: Setting CVar [[r.DOF.Gather.PostfilterMethod:1          ; Median3x3 postfilering method]]
[2019.03.22-05.31.43:935][  0]LogConfig: Setting CVar [[r.DOF.Gather.EnableBokehSettings:0       ; no bokeh simulation when gathering]]
[2019.03.22-05.31.43:935][  0]LogConfig: Setting CVar [[r.DOF.Gather.RingCount:4                 ; medium number of samples when gathering]]
[2019.03.22-05.31.43:935][  0]LogConfig: Setting CVar [[r.DOF.Scatter.ForegroundCompositing:1    ; additive foreground scattering]]
[2019.03.22-05.31.43:935][  0]LogConfig: Setting CVar [[r.DOF.Scatter.BackgroundCompositing:2    ; additive background scattering]]
[2019.03.22-05.31.43:935][  0]LogConfig: Setting CVar [[r.DOF.Scatter.EnableBokehSettings:1      ; bokeh simulation when scattering]]
[2019.03.22-05.31.43:935][  0]LogConfig: Setting CVar [[r.DOF.Scatter.MaxSpriteRatio:0.1         ; only a maximum of 10% of scattered bokeh]]
[2019.03.22-05.31.43:935][  0]LogConfig: Setting CVar [[r.DOF.Recombine.Quality:1                ; cheap slight out of focus]]
[2019.03.22-05.31.43:935][  0]LogConfig: Setting CVar [[r.DOF.Recombine.EnableBokehSettings:0    ; no bokeh simulation on slight out of focus]]
[2019.03.22-05.31.43:935][  0]LogConfig: Setting CVar [[r.DOF.TemporalAAQuality:1                ; more stable temporal accumulation]]
[2019.03.22-05.31.43:935][  0]LogConfig: Setting CVar [[r.DOF.Kernel.MaxForegroundRadius:0.025]]
[2019.03.22-05.31.43:935][  0]LogConfig: Setting CVar [[r.DOF.Kernel.MaxBackgroundRadius:0.025]]
[2019.03.22-05.31.43:935][  0]LogConfig: Applying CVar settings from Section [TextureQuality@3] File [C:/Users/ruari/Documents/GitHub/Train_Jam-03-19/TrainJam/Saved/Config/Windows/Scalability.ini]
[2019.03.22-05.31.43:935][  0]LogConfig: Setting CVar [[r.Streaming.MipBias:0]]
[2019.03.22-05.31.43:935][  0]LogConfig: Setting CVar [[r.Streaming.AmortizeCPUToGPUCopy:0]]
[2019.03.22-05.31.43:935][  0]LogConfig: Setting CVar [[r.Streaming.MaxNumTexturesToStreamPerFrame:0]]
[2019.03.22-05.31.43:935][  0]LogConfig: Setting CVar [[r.Streaming.Boost:1]]
[2019.03.22-05.31.43:935][  0]LogConfig: Setting CVar [[r.MaxAnisotropy:8]]
[2019.03.22-05.31.43:935][  0]LogConfig: Setting CVar [[r.Streaming.LimitPoolSizeToVRAM:0]]
[2019.03.22-05.31.43:935][  0]LogConfig: Setting CVar [[r.Streaming.PoolSize:1000]]
[2019.03.22-05.31.43:935][  0]LogConfig: Setting CVar [[r.Streaming.MaxEffectiveScreenSize:0]]
[2019.03.22-05.31.43:935][  0]LogConfig: Applying CVar settings from Section [EffectsQuality@3] File [C:/Users/ruari/Documents/GitHub/Train_Jam-03-19/TrainJam/Saved/Config/Windows/Scalability.ini]
[2019.03.22-05.31.43:935][  0]LogConfig: Setting CVar [[r.TranslucencyLightingVolumeDim:64]]
[2019.03.22-05.31.43:935][  0]LogConfig: Setting CVar [[r.RefractionQuality:2]]
[2019.03.22-05.31.43:935][  0]LogConfig: Setting CVar [[r.SSR.Quality:3]]
[2019.03.22-05.31.43:935][  0]LogConfig: Setting CVar [[r.SceneColorFormat:4]]
[2019.03.22-05.31.43:935][  0]LogConfig: Setting CVar [[r.DetailMode:2]]
[2019.03.22-05.31.43:935][  0]LogConfig: Setting CVar [[r.TranslucencyVolumeBlur:1]]
[2019.03.22-05.31.43:935][  0]LogConfig: Setting CVar [[r.MaterialQualityLevel:1 ; High quality]]
[2019.03.22-05.31.43:935][  0]LogConfig: Setting CVar [[r.SSS.Scale:1]]
[2019.03.22-05.31.43:935][  0]LogConfig: Setting CVar [[r.SSS.SampleSet:2]]
[2019.03.22-05.31.43:935][  0]LogConfig: Setting CVar [[r.SSS.Quality:1]]
[2019.03.22-05.31.43:935][  0]LogConfig: Setting CVar [[r.SSS.HalfRes:1]]
[2019.03.22-05.31.43:935][  0]LogConfig: Setting CVar [[r.EmitterSpawnRateScale:1.0]]
[2019.03.22-05.31.43:935][  0]LogConfig: Setting CVar [[r.ParticleLightQuality:2]]
[2019.03.22-05.31.43:935][  0]LogConfig: Applying CVar settings from Section [FoliageQuality@3] File [C:/Users/ruari/Documents/GitHub/Train_Jam-03-19/TrainJam/Saved/Config/Windows/Scalability.ini]
[2019.03.22-05.31.43:935][  0]LogConfig: Setting CVar [[foliage.DensityScale:1.0]]
[2019.03.22-05.31.43:935][  0]LogConfig: Setting CVar [[grass.DensityScale:1.0]]
[2019.03.22-05.31.43:935][  0]LogInit: Selected Device Profile: [Windows]
[2019.03.22-05.31.43:935][  0]LogInit: Applying CVar settings loaded from the selected device profile: [Windows]
[2019.03.22-05.31.43:948][  0]LogHAL: Display: Platform has ~ 24 GB [25587376128 / 34359738368 / 24], which maps to Larger [LargestMinGB=32, LargerMinGB=12, DefaultMinGB=8, SmallerMinGB=6, SmallestMinGB=0)
[2019.03.22-05.31.43:948][  0]LogConfig: Setting CVar [[r.Vulkan.UseRealUBs:1]]
[2019.03.22-05.31.43:948][  0]LogInit: Going up to parent DeviceProfile []
[2019.03.22-05.31.43:948][  0]LogConfig: Applying CVar settings from Section [ViewDistanceQuality@3] File [C:/Users/ruari/Documents/GitHub/Train_Jam-03-19/TrainJam/Saved/Config/Windows/Scalability.ini]
[2019.03.22-05.31.43:948][  0]LogConfig: Setting CVar [[r.SkeletalMeshLODBias:0]]
[2019.03.22-05.31.43:948][  0]LogConfig: Setting CVar [[r.ViewDistanceScale:1.0]]
[2019.03.22-05.31.43:948][  0]LogConfig: Applying CVar settings from Section [AntiAliasingQuality@3] File [C:/Users/ruari/Documents/GitHub/Train_Jam-03-19/TrainJam/Saved/Config/Windows/Scalability.ini]
[2019.03.22-05.31.43:948][  0]LogConfig: Setting CVar [[r.PostProcessAAQuality:4]]
[2019.03.22-05.31.43:948][  0]LogConfig: Applying CVar settings from Section [ShadowQuality@3] File [C:/Users/ruari/Documents/GitHub/Train_Jam-03-19/TrainJam/Saved/Config/Windows/Scalability.ini]
[2019.03.22-05.31.43:948][  0]LogConfig: Setting CVar [[r.LightFunctionQuality:1]]
[2019.03.22-05.31.43:948][  0]LogConfig: Setting CVar [[r.ShadowQuality:5]]
[2019.03.22-05.31.43:948][  0]LogConfig: Setting CVar [[r.Shadow.CSM.MaxCascades:10]]
[2019.03.22-05.31.43:948][  0]LogConfig: Setting CVar [[r.Shadow.MaxResolution:2048]]
[2019.03.22-05.31.43:948][  0]LogConfig: Setting CVar [[r.Shadow.MaxCSMResolution:2048]]
[2019.03.22-05.31.43:948][  0]LogConfig: Setting CVar [[r.Shadow.RadiusThreshold:0.01]]
[2019.03.22-05.31.43:948][  0]LogConfig: Setting CVar [[r.Shadow.DistanceScale:1.0]]
[2019.03.22-05.31.43:948][  0]LogConfig: Setting CVar [[r.Shadow.CSM.TransitionScale:1.0]]
[2019.03.22-05.31.43:948][  0]LogConfig: Setting CVar [[r.Shadow.PreShadowResolutionFactor:1.0]]
[2019.03.22-05.31.43:948][  0]LogConfig: Setting CVar [[r.DistanceFieldShadowing:1]]
[2019.03.22-05.31.43:948][  0]LogConfig: Setting CVar [[r.DistanceFieldAO:1]]
[2019.03.22-05.31.43:948][  0]LogConfig: Setting CVar [[r.AOQuality:2]]
[2019.03.22-05.31.43:948][  0]LogConfig: Setting CVar [[r.VolumetricFog:1]]
[2019.03.22-05.31.43:948][  0]LogConfig: Setting CVar [[r.VolumetricFog.GridPixelSize:8]]
[2019.03.22-05.31.43:948][  0]LogConfig: Setting CVar [[r.VolumetricFog.GridSizeZ:128]]
[2019.03.22-05.31.43:948][  0]LogConfig: Setting CVar [[r.VolumetricFog.HistoryMissSupersampleCount:4]]
[2019.03.22-05.31.43:948][  0]LogConfig: Setting CVar [[r.LightMaxDrawDistanceScale:1]]
[2019.03.22-05.31.43:948][  0]LogConfig: Setting CVar [[r.CapsuleShadows:1]]
[2019.03.22-05.31.43:948][  0]LogConfig: Applying CVar settings from Section [PostProcessQuality@3] File [C:/Users/ruari/Documents/GitHub/Train_Jam-03-19/TrainJam/Saved/Config/Windows/Scalability.ini]
[2019.03.22-05.31.43:948][  0]LogConfig: Setting CVar [[r.MotionBlurQuality:4]]
[2019.03.22-05.31.43:948][  0]LogConfig: Setting CVar [[r.AmbientOcclusionMipLevelFactor:0.4]]
[2019.03.22-05.31.43:948][  0]LogConfig: Setting CVar [[r.AmbientOcclusionMaxQuality:100]]
[2019.03.22-05.31.43:948][  0]LogConfig: Setting CVar [[r.AmbientOcclusionLevels:-1]]
[2019.03.22-05.31.43:948][  0]LogConfig: Setting CVar [[r.AmbientOcclusionRadiusScale:1.0]]
[2019.03.22-05.31.43:948][  0]LogConfig: Setting CVar [[r.DepthOfFieldQuality:2]]
[2019.03.22-05.31.43:948][  0]LogConfig: Setting CVar [[r.RenderTargetPoolMin:400]]
[2019.03.22-05.31.43:948][  0]LogConfig: Setting CVar [[r.LensFlareQuality:2]]
[2019.03.22-05.31.43:948][  0]LogConfig: Setting CVar [[r.SceneColorFringeQuality:1]]
[2019.03.22-05.31.43:948][  0]LogConfig: Setting CVar [[r.EyeAdaptationQuality:2]]
[2019.03.22-05.31.43:948][  0]LogConfig: Setting CVar [[r.BloomQuality:5]]
[2019.03.22-05.31.43:948][  0]LogConfig: Setting CVar [[r.FastBlurThreshold:100]]
[2019.03.22-05.31.43:948][  0]LogConfig: Setting CVar [[r.Upscale.Quality:3]]
[2019.03.22-05.31.43:948][  0]LogConfig: Setting CVar [[r.Tonemapper.GrainQuantization:1]]
[2019.03.22-05.31.43:948][  0]LogConfig: Setting CVar [[r.LightShaftQuality:1]]
[2019.03.22-05.31.43:948][  0]LogConfig: Setting CVar [[r.Filter.SizeScale:1]]
[2019.03.22-05.31.43:948][  0]LogConfig: Setting CVar [[r.Tonemapper.Quality:5]]
[2019.03.22-05.31.43:948][  0]LogConfig: Setting CVar [[r.DOF.Gather.AccumulatorQuality:1        ; higher gathering accumulator quality]]
[2019.03.22-05.31.43:948][  0]LogConfig: Setting CVar [[r.DOF.Gather.PostfilterMethod:1          ; Median3x3 postfilering method]]
[2019.03.22-05.31.43:948][  0]LogConfig: Setting CVar [[r.DOF.Gather.EnableBokehSettings:0       ; no bokeh simulation when gathering]]
[2019.03.22-05.31.43:948][  0]LogConfig: Setting CVar [[r.DOF.Gather.RingCount:4                 ; medium number of samples when gathering]]
[2019.03.22-05.31.43:948][  0]LogConfig: Setting CVar [[r.DOF.Scatter.ForegroundCompositing:1    ; additive foreground scattering]]
[2019.03.22-05.31.43:948][  0]LogConfig: Setting CVar [[r.DOF.Scatter.BackgroundCompositing:2    ; additive background scattering]]
[2019.03.22-05.31.43:948][  0]LogConfig: Setting CVar [[r.DOF.Scatter.EnableBokehSettings:1      ; bokeh simulation when scattering]]
[2019.03.22-05.31.43:948][  0]LogConfig: Setting CVar [[r.DOF.Scatter.MaxSpriteRatio:0.1         ; only a maximum of 10% of scattered bokeh]]
[2019.03.22-05.31.43:948][  0]LogConfig: Setting CVar [[r.DOF.Recombine.Quality:1                ; cheap slight out of focus]]
[2019.03.22-05.31.43:948][  0]LogConfig: Setting CVar [[r.DOF.Recombine.EnableBokehSettings:0    ; no bokeh simulation on slight out of focus]]
[2019.03.22-05.31.43:948][  0]LogConfig: Setting CVar [[r.DOF.TemporalAAQuality:1                ; more stable temporal accumulation]]
[2019.03.22-05.31.43:948][  0]LogConfig: Setting CVar [[r.DOF.Kernel.MaxForegroundRadius:0.025]]
[2019.03.22-05.31.43:948][  0]LogConfig: Setting CVar [[r.DOF.Kernel.MaxBackgroundRadius:0.025]]
[2019.03.22-05.31.43:949][  0]LogConfig: Applying CVar settings from Section [TextureQuality@3] File [C:/Users/ruari/Documents/GitHub/Train_Jam-03-19/TrainJam/Saved/Config/Windows/Scalability.ini]
[2019.03.22-05.31.43:949][  0]LogConfig: Setting CVar [[r.Streaming.MipBias:0]]
[2019.03.22-05.31.43:949][  0]LogConfig: Setting CVar [[r.Streaming.AmortizeCPUToGPUCopy:0]]
[2019.03.22-05.31.43:949][  0]LogConfig: Setting CVar [[r.Streaming.MaxNumTexturesToStreamPerFrame:0]]
[2019.03.22-05.31.43:949][  0]LogConfig: Setting CVar [[r.Streaming.Boost:1]]
[2019.03.22-05.31.43:949][  0]LogConfig: Setting CVar [[r.MaxAnisotropy:8]]
[2019.03.22-05.31.43:949][  0]LogConfig: Setting CVar [[r.Streaming.LimitPoolSizeToVRAM:0]]
[2019.03.22-05.31.43:949][  0]LogConfig: Setting CVar [[r.Streaming.PoolSize:1000]]
[2019.03.22-05.31.43:949][  0]LogConfig: Setting CVar [[r.Streaming.MaxEffectiveScreenSize:0]]
[2019.03.22-05.31.43:949][  0]LogConfig: Applying CVar settings from Section [EffectsQuality@3] File [C:/Users/ruari/Documents/GitHub/Train_Jam-03-19/TrainJam/Saved/Config/Windows/Scalability.ini]
[2019.03.22-05.31.43:949][  0]LogConfig: Setting CVar [[r.TranslucencyLightingVolumeDim:64]]
[2019.03.22-05.31.43:949][  0]LogConfig: Setting CVar [[r.RefractionQuality:2]]
[2019.03.22-05.31.43:949][  0]LogConfig: Setting CVar [[r.SSR.Quality:3]]
[2019.03.22-05.31.43:949][  0]LogConfig: Setting CVar [[r.SceneColorFormat:4]]
[2019.03.22-05.31.43:949][  0]LogConfig: Setting CVar [[r.DetailMode:2]]
[2019.03.22-05.31.43:949][  0]LogConfig: Setting CVar [[r.TranslucencyVolumeBlur:1]]
[2019.03.22-05.31.43:949][  0]LogConfig: Setting CVar [[r.MaterialQualityLevel:1 ; High quality]]
[2019.03.22-05.31.43:949][  0]LogConfig: Setting CVar [[r.SSS.Scale:1]]
[2019.03.22-05.31.43:949][  0]LogConfig: Setting CVar [[r.SSS.SampleSet:2]]
[2019.03.22-05.31.43:949][  0]LogConfig: Setting CVar [[r.SSS.Quality:1]]
[2019.03.22-05.31.43:949][  0]LogConfig: Setting CVar [[r.SSS.HalfRes:1]]
[2019.03.22-05.31.43:949][  0]LogConfig: Setting CVar [[r.EmitterSpawnRateScale:1.0]]
[2019.03.22-05.31.43:949][  0]LogConfig: Setting CVar [[r.ParticleLightQuality:2]]
[2019.03.22-05.31.43:949][  0]LogConfig: Applying CVar settings from Section [FoliageQuality@3] File [C:/Users/ruari/Documents/GitHub/Train_Jam-03-19/TrainJam/Saved/Config/Windows/Scalability.ini]
[2019.03.22-05.31.43:949][  0]LogConfig: Setting CVar [[foliage.DensityScale:1.0]]
[2019.03.22-05.31.43:949][  0]LogConfig: Setting CVar [[grass.DensityScale:1.0]]
[2019.03.22-05.31.43:949][  0]LogConfig: Applying CVar settings from Section [Startup] File [../../../Engine/Config/ConsoleVariables.ini]
[2019.03.22-05.31.43:949][  0]LogConfig: Setting CVar [[net.UseAdaptiveNetUpdateFrequency:0]]
[2019.03.22-05.31.43:949][  0]LogConfig: Applying CVar settings from Section [ConsoleVariables] File [C:/Users/ruari/Documents/GitHub/Train_Jam-03-19/TrainJam/Saved/Config/Windows/Engine.ini]
[2019.03.22-05.31.43:949][  0]LogInit: Computer: ZALMAN-1080
[2019.03.22-05.31.43:949][  0]LogInit: User: ruari
[2019.03.22-05.31.43:950][  0]LogInit: CPU Page size=4096, Cores=6
[2019.03.22-05.31.43:950][  0]LogInit: High frequency timer resolution =3.222653 MHz
[2019.03.22-05.31.43:950][  0]LogMemory: Memory total: Physical=23.8GB (24GB approx)
[2019.03.22-05.31.43:950][  0]LogMemory: Platform Memory Stats for Windows
[2019.03.22-05.31.43:950][  0]LogMemory: Process Physical Memory: 102.75 MB used, 102.75 MB peak
[2019.03.22-05.31.43:950][  0]LogMemory: Process Virtual Memory: 86.07 MB used, 86.07 MB peak
[2019.03.22-05.31.43:950][  0]LogMemory: Physical Memory: 8458.19 MB used,  15943.84 MB free, 24402.02 MB total
[2019.03.22-05.31.43:950][  0]LogMemory: Virtual Memory: 4663.55 MB used,  134213064.00 MB free, 134217728.00 MB total
[2019.03.22-05.31.43:978][  0]LogInit: Using OS detected language (en-US).
[2019.03.22-05.31.43:978][  0]LogInit: Using OS detected locale (en-GB).
[2019.03.22-05.31.43:979][  0]LogTextLocalizationManager: No specific localization for 'en-US' exists, so the 'en' localization will be used.
[2019.03.22-05.31.44:417][  0]LogStreaming: Display: Took  0.439s to InitEngineTextLocalization.
[2019.03.22-05.31.44:417][  0]LogInit: Setting process to per monitor DPI aware
[2019.03.22-05.31.44:454][  0]LogSlate: New Slate User Created.  User Index 0, Is Virtual User: 0
[2019.03.22-05.31.44:454][  0]LogSlate: Slate User Registered.  User Index 0, Is Virtual User: 0
[2019.03.22-05.31.44:694][  0]LogD3D11RHI: D3D11 adapters:
[2019.03.22-05.31.44:763][  0]LogD3D11RHI:    0. 'NVIDIA GeForce GTX 1080' (Feature Level 11_0)
[2019.03.22-05.31.44:764][  0]LogD3D11RHI:       8086/0/12201 MB DedicatedVideo/DedicatedSystem/SharedSystem, Outputs:1, VendorId:0x10de
[2019.03.22-05.31.44:768][  0]LogD3D11RHI:    1. 'Microsoft Basic Render Driver' (Feature Level 11_0)
[2019.03.22-05.31.44:768][  0]LogD3D11RHI:       0/0/12201 MB DedicatedVideo/DedicatedSystem/SharedSystem, Outputs:0, VendorId:0x1414
[2019.03.22-05.31.44:768][  0]LogD3D11RHI: Chosen D3D11 Adapter: 0
[2019.03.22-05.31.44:777][  0]LogD3D11RHI: Creating new Direct3DDevice
[2019.03.22-05.31.44:777][  0]LogD3D11RHI:     GPU DeviceId: 0x1b80 (for the marketing name, search the web for "GPU Device Id")
[2019.03.22-05.31.44:777][  0]LogWindows: EnumDisplayDevices:
[2019.03.22-05.31.44:777][  0]LogWindows:    0. 'NVIDIA GeForce GTX 1080' (P:1 D:1)
[2019.03.22-05.31.44:778][  0]LogWindows:    1. 'NVIDIA GeForce GTX 1080' (P:0 D:0)
[2019.03.22-05.31.44:778][  0]LogWindows:    2. 'NVIDIA GeForce GTX 1080' (P:0 D:0)
[2019.03.22-05.31.44:779][  0]LogWindows:    3. 'NVIDIA GeForce GTX 1080' (P:0 D:0)
[2019.03.22-05.31.44:780][  0]LogWindows: DebugString: FoundDriverCount:4 
[2019.03.22-05.31.44:780][  0]LogD3D11RHI:     Adapter Name: NVIDIA GeForce GTX 1080
[2019.03.22-05.31.44:780][  0]LogD3D11RHI:   Driver Version: 388.13 (internal:23.21.13.8813, unified:388.13)
[2019.03.22-05.31.44:780][  0]LogD3D11RHI:      Driver Date: 10-27-2017
[2019.03.22-05.31.44:780][  0]LogRHI: Texture pool is 5660 MB (70% of 8086 MB)
[2019.03.22-05.31.44:822][  0]LogD3D11RHI: Async texture creation enabled
[2019.03.22-05.31.44:835][  0]LogD3D11RHI: GPU Timing Frequency: 1000.000000 (Debug: 2 1)
[2019.03.22-05.31.45:609][  0]LogTemp: Display: Loaded TP AllDesktopTargetPlatform
[2019.03.22-05.31.45:626][  0]LogTemp: Display: Loaded TP MacClientTargetPlatform
[2019.03.22-05.31.45:642][  0]LogTemp: Display: Loaded TP MacNoEditorTargetPlatform
[2019.03.22-05.31.45:657][  0]LogTemp: Display: Loaded TP MacServerTargetPlatform
[2019.03.22-05.31.45:674][  0]LogTemp: Display: Loaded TP MacTargetPlatform
[2019.03.22-05.31.45:691][  0]LogTemp: Display: Loaded TP WindowsClientTargetPlatform
[2019.03.22-05.31.45:709][  0]LogTemp: Display: Loaded TP WindowsNoEditorTargetPlatform
[2019.03.22-05.31.45:728][  0]LogTemp: Display: Loaded TP WindowsServerTargetPlatform
[2019.03.22-05.31.45:738][  0]LogTemp: Display: Loaded TP WindowsTargetPlatform
[2019.03.22-05.31.45:824][  0]LogTemp: Display: Loaded TP AndroidTargetPlatform
[2019.03.22-05.31.45:824][  0]LogTemp: Display: Loaded TP AndroidTargetPlatform
[2019.03.22-05.31.45:824][  0]LogTemp: Display: Loaded TP AndroidTargetPlatform
[2019.03.22-05.31.45:824][  0]LogTemp: Display: Loaded TP AndroidTargetPlatform
[2019.03.22-05.31.45:824][  0]LogTemp: Display: Loaded TP AndroidTargetPlatform
[2019.03.22-05.31.45:824][  0]LogTemp: Display: Loaded TP AndroidTargetPlatform
[2019.03.22-05.31.45:824][  0]LogTemp: Display: Loaded TP AndroidTargetPlatform
[2019.03.22-05.31.45:824][  0]LogTemp: Display: Loaded TP AndroidTargetPlatform
[2019.03.22-05.31.45:824][  0]LogTemp: Display: Loaded TP AndroidTargetPlatform
[2019.03.22-05.31.45:824][  0]LogTemp: Display: Loaded TP AndroidTargetPlatform
[2019.03.22-05.31.45:824][  0]LogTemp: Display: Loaded TP AndroidTargetPlatform
[2019.03.22-05.31.45:824][  0]LogTemp: Display: Loaded TP AndroidTargetPlatform
[2019.03.22-05.31.45:824][  0]LogTemp: Display: Loaded TP AndroidTargetPlatform
[2019.03.22-05.31.45:824][  0]LogTemp: Display: Loaded TP AndroidTargetPlatform
[2019.03.22-05.31.45:824][  0]LogTemp: Display: Loaded TP AndroidTargetPlatform
[2019.03.22-05.31.45:824][  0]LogTemp: Display: Loaded TP AndroidTargetPlatform
[2019.03.22-05.31.45:824][  0]LogTemp: Display: Loaded TP AndroidTargetPlatform
[2019.03.22-05.31.45:824][  0]LogTemp: Display: Loaded TP AndroidTargetPlatform
[2019.03.22-05.31.45:827][  0]LogTemp: Display: Loaded TP HTML5TargetPlatform
[2019.03.22-05.31.45:901][  0]LogTemp: Display: Loaded TP IOSTargetPlatform
[2019.03.22-05.31.45:901][  0]LogTemp: Display: Loaded TP IOSTargetPlatform
[2019.03.22-05.31.45:927][  0]LogTemp: Display: Loaded TP TVOSTargetPlatform
[2019.03.22-05.31.45:927][  0]LogTemp: Display: Loaded TP TVOSTargetPlatform
[2019.03.22-05.31.45:942][  0]LogTemp: Display: Loaded TP LinuxClientTargetPlatform
[2019.03.22-05.31.45:957][  0]LogTemp: Display: Loaded TP LinuxNoEditorTargetPlatform
[2019.03.22-05.31.45:971][  0]LogTemp: Display: Loaded TP LinuxServerTargetPlatform
[2019.03.22-05.31.45:986][  0]LogTemp: Display: Loaded TP LinuxTargetPlatform
[2019.03.22-05.31.46:038][  0]LogTemp: Display: Loaded TP LuminTargetPlatform
[2019.03.22-05.31.46:038][  0]LogTemp: Display: Loaded TP LuminTargetPlatform
[2019.03.22-05.31.46:038][  0]LogTargetPlatformManager: Display: Building Assets For Windows
[2019.03.22-05.31.46:144][  0]LogShaderCompilers: Guid format shader working directory is -26 characters bigger than the processId version (../../../../../../Users/ruari/Documents/GitHub/Train_Jam-03-19/TrainJam/Intermediate/Shaders/WorkingDirectory/18204/).
[2019.03.22-05.31.46:144][  0]LogShaderCompilers: Cleaned the shader compiler working directory 'C:/Users/ruari/AppData/Local/Temp/UnrealShaderWorkingDir/2F0D09064BC33A33CFB66BBE9EC6A862/'.
[2019.03.22-05.31.46:149][  0]LogXGEController: Cannot use XGE Controller as Incredibuild is not installed on this machine.
[2019.03.22-05.31.46:149][  0]LogShaderCompilers: Cannot use XGE Shader Compiler as Incredibuild is not installed on this machine.
[2019.03.22-05.31.46:149][  0]LogShaderCompilers: Display: Using Local Shader Compiler.
[2019.03.22-05.31.46:744][  0]LogDerivedDataCache: Display: Max Cache Size: 512 MB
[2019.03.22-05.31.46:839][  0]LogDerivedDataCache: Loaded boot cache 0.10s 71MB C:/Users/ruari/AppData/Local/UnrealEngine/4.21/DerivedDataCache/Boot.ddc.
[2019.03.22-05.31.46:839][  0]LogDerivedDataCache: Display: Loaded Boot cache: C:/Users/ruari/AppData/Local/UnrealEngine/4.21/DerivedDataCache/Boot.ddc
[2019.03.22-05.31.46:839][  0]LogDerivedDataCache: FDerivedDataBackendGraph:  Pak pak cache file ../../../../../../Users/ruari/Documents/GitHub/Train_Jam-03-19/TrainJam/DerivedDataCache/DDC.ddp not found, will not use a pak cache.
[2019.03.22-05.31.46:839][  0]LogDerivedDataCache: Unable to find inner node Pak for hierarchical cache Hierarchy.
[2019.03.22-05.31.46:839][  0]LogDerivedDataCache: FDerivedDataBackendGraph:  CompressedPak pak cache file ../../../../../../Users/ruari/Documents/GitHub/Train_Jam-03-19/TrainJam/DerivedDataCache/Compressed.ddp not found, will not use a pak cache.
[2019.03.22-05.31.46:839][  0]LogDerivedDataCache: Unable to find inner node CompressedPak for hierarchical cache Hierarchy.
[2019.03.22-05.31.46:857][  0]LogDerivedDataCache: Display: Pak cache opened for reading ../../../Engine/DerivedDataCache/Compressed.ddp.
[2019.03.22-05.31.46:862][  0]LogDerivedDataCache: Display: Pak cache opened for reading ../../../Enterprise/DerivedDataCache/Compressed.ddp.
[2019.03.22-05.31.46:874][  0]LogDerivedDataCache: Using Local data cache path C:/Users/ruari/AppData/Local/UnrealEngine/Common/DerivedDataCache: Writable
[2019.03.22-05.31.46:874][  0]LogDerivedDataCache: Shared data cache path not found in *engine.ini, will not use an Shared cache.
[2019.03.22-05.31.46:874][  0]LogDerivedDataCache: Unable to find inner node Shared for hierarchical cache Hierarchy.
[2019.03.22-05.31.46:899][  0]LogMaterial: Verifying Global Shaders for PCD3D_SM5
[2019.03.22-05.31.46:901][  0]LogSlate: Using FreeType 2.6.0
[2019.03.22-05.31.46:901][  0]LogSlate: SlateFontServices - WITH_FREETYPE: 1, WITH_HARFBUZZ: 1
[2019.03.22-05.31.47:003][  0]LogAssetRegistry: FAssetRegistry took 0.0342 seconds to start up
[2019.03.22-05.31.47:402][  0]LogInit: Selected Device Profile: [Windows]
[2019.03.22-05.31.47:604][  0]LogSimplygon: Simplygon DLL not present - disabling.
[2019.03.22-05.31.47:611][  0]LogMeshReduction: Using SimplygonSwarm for distributed automatic mesh merging
[2019.03.22-05.31.47:611][  0]LogMeshReduction: Using ProxyLODMeshReduction for automatic mesh merging
[2019.03.22-05.31.47:611][  0]LogMeshReduction: Using QuadricMeshReduction for automatic static mesh reduction
[2019.03.22-05.31.47:611][  0]LogMeshReduction: No automatic skeletal mesh reduction module available
[2019.03.22-05.31.47:625][  0]LogNetVersion: TrainJam 1.0.0, NetCL: 4541578, EngineNetVer: 5, GameNetVer: 0 (Checksum: 1924494)
[2019.03.22-05.31.48:247][  0]LogPackageLocalizationCache: Processed 13 localized package path(s) for 2 prioritized culture(s) in 0.134785 seconds
[2019.03.22-05.31.48:254][  0]LogUObjectArray: 39550 objects as part of root set at end of initial load.
[2019.03.22-05.31.48:254][  0]LogUObjectAllocator: 6877128 out of 0 bytes used by permanent object pool.
[2019.03.22-05.31.48:254][  0]LogUObjectArray: CloseDisregardForGC: 0/0 objects in disregard for GC pool
[2019.03.22-05.31.49:346][  0]LogTcpMessaging: Initializing TcpMessaging bridge
[2019.03.22-05.31.49:359][  0]LogUdpMessaging: Initializing bridge on interface 0.0.0.0:0 to multicast group 230.0.0.1:6666.
[2019.03.22-05.31.50:156][  0]SourceControl: Source control is disabled
[2019.03.22-05.31.50:156][  0]SourceControl: Source control is disabled
[2019.03.22-05.31.50:158][  0]SourceControl: Source control is disabled
[2019.03.22-05.31.50:160][  0]SourceControl: Source control is disabled
[2019.03.22-05.31.50:350][  0]LogAndroidPermission: UAndroidPermissionCallbackProxy::GetInstance
[2019.03.22-05.31.50:594][  0]LogOcInput: OculusInput pre-init called
[2019.03.22-05.31.52:191][  0]LogEngine: Initializing Engine...
[2019.03.22-05.31.52:193][  0]LogStats: UGameplayTagsManager::ConstructGameplayTagTree: ImportINI prefixes -  0.000 s
[2019.03.22-05.31.52:193][  0]LogStats: UGameplayTagsManager::ConstructGameplayTagTree: Construct from data asset -  0.000 s
[2019.03.22-05.31.52:193][  0]LogStats: UGameplayTagsManager::ConstructGameplayTagTree: ImportINI -  0.000 s
[2019.03.22-05.31.52:193][  0]LogStats: UGameplayTagsManager::ConstructGameplayTagTree: GameplayTagTreeChangedEvent.Broadcast -  0.000 s
[2019.03.22-05.31.52:453][  0]LogInit: Initializing FReadOnlyCVARCache
[2019.03.22-05.31.52:476][  0]LogAIModule: Creating AISystem for world Untitled
[2019.03.22-05.31.52:621][  0]LogInit: XAudio2 using 'Headphones (High Definition Audio Device)' : 2 channels at 44.1 kHz using 16 bits per sample (channel mask 0x3)
[2019.03.22-05.31.52:644][  0]LogInit: FAudioDevice initialized.
[2019.03.22-05.31.52:644][  0]LogNetVersion: Set ProjectVersion to 1.0.0.0. Version Checksum will be recalculated on next use.
[2019.03.22-05.31.53:446][  0]LogDerivedDataCache: Saved boot cache 0.80s 71MB C:/Users/ruari/AppData/Local/UnrealEngine/4.21/DerivedDataCache/Boot.ddc.
[2019.03.22-05.31.53:478][  0]LogInit: Texture streaming: Enabled
[2019.03.22-05.31.53:509][  0]LogEngineSessionManager: EngineSessionManager initialized
[2019.03.22-05.31.53:530][  0]LogInit: Transaction tracking system initialized
[2019.03.22-05.31.53:582][  0]BlueprintLog: New page: Editor Load
[2019.03.22-05.31.53:723][  0]LocalizationService: Localization service is disabled
[2019.03.22-05.31.54:281][  0]LogFileCache: Scanning file cache for directory 'C:/Users/ruari/Documents/GitHub/Train_Jam-03-19/TrainJam/Content/' took 0.01s
[2019.03.22-05.31.54:281][  0]LogCook: Display: Max memory allowance for cook 16384mb min free memory 0mb
[2019.03.22-05.31.54:281][  0]LogCook: Display: Mobile HDR setting 1
[2019.03.22-05.31.54:281][  0]LogGameplayTags: Display: UGameplayTagsManager::DoneAddingNativeTags. DelegateIsBound: 0
[2019.03.22-05.31.54:281][  0]LogStats: UGameplayTagsManager::ConstructGameplayTagTree: ImportINI prefixes -  0.000 s
[2019.03.22-05.31.54:281][  0]LogStats: UGameplayTagsManager::ConstructGameplayTagTree: Construct from data asset -  0.000 s
[2019.03.22-05.31.54:281][  0]LogStats: UGameplayTagsManager::ConstructGameplayTagTree: ImportINI -  0.000 s
[2019.03.22-05.31.54:281][  0]LogStats: UGameplayTagsManager::ConstructGameplayTagTree: GameplayTagTreeChangedEvent.Broadcast -  0.000 s
[2019.03.22-05.31.55:810][  0]SourceControl: Source control is disabled
[2019.03.22-05.31.55:811][  0]Cmd: MAP LOAD FILE="../../../../../../Users/ruari/Documents/GitHub/Train_Jam-03-19/TrainJam/Content/Scene/MainGameScene.umap" TEMPLATE=0 SHOWPROGRESS=1 FEATURELEVEL=3
[2019.03.22-05.31.55:811][  0]LightingResults: New page: Lighting Build
[2019.03.22-05.31.55:816][  0]MapCheck: New page: Map Check
[2019.03.22-05.31.55:816][  0]LightingResults: New page: Lighting Build
[2019.03.22-05.31.56:015][  0]LogAIModule: Creating AISystem for world MainGameScene
[2019.03.22-05.31.56:021][  0]LogEditorServer: Finished looking for orphan Actors (0.000 secs)
[2019.03.22-05.31.56:050][  0]Cmd: MAP CHECKDEP NOCLEARLOG
[2019.03.22-05.31.56:050][  0]MapCheck: Map check complete: 0 Error(s), 0 Warning(s), took 0.17ms to complete.
[2019.03.22-05.31.56:050][  0]LogFileHelpers: Loading map 'MainGameScene' took 0.241
[2019.03.22-05.31.56:171][  0]LogSlate: Updating window title bar state: overlay mode, drag disabled, window buttons hidden, title bar hidden
[2019.03.22-05.31.56:179][  0]LogSlate: Updating window title bar state: overlay mode, drag disabled, window buttons hidden, title bar hidden
[2019.03.22-05.31.56:187][  0]LogSlate: Updating window title bar state: overlay mode, drag disabled, window buttons hidden, title bar hidden
[2019.03.22-05.31.56:195][  0]LogSlate: Updating window title bar state: overlay mode, drag disabled, window buttons hidden, title bar hidden
[2019.03.22-05.31.56:208][  0]LogCollectionManager: Loaded 0 collections in 0.004369 seconds
[2019.03.22-05.31.56:227][  0]LogFileCache: Scanning file cache for directory 'C:/Users/ruari/Documents/GitHub/Train_Jam-03-19/TrainJam/Saved/Collections/' took 0.01s
[2019.03.22-05.31.56:227][  0]LogFileCache: Scanning file cache for directory 'C:/Users/ruari/Documents/GitHub/Train_Jam-03-19/TrainJam/Content/Developers/ruari/Collections/' took 0.00s
[2019.03.22-05.31.56:227][  0]LogFileCache: Scanning file cache for directory 'C:/Users/ruari/Documents/GitHub/Train_Jam-03-19/TrainJam/Content/Collections/' took 0.00s
[2019.03.22-05.31.56:227][  0]LogCollectionManager: Rebuilt the GUID cache for 0 collections in 0.000000 seconds
[2019.03.22-05.31.56:238][  0]LogContentBrowser: Native class hierarchy populated in 0.0106 seconds. Added 2711 classes and 652 folders.
[2019.03.22-05.31.56:249][  0]LogContentBrowser: Native class hierarchy updated for 'WidgetCarousel' in 0.0005 seconds. Added 0 classes and 0 folders.
[2019.03.22-05.31.56:251][  0]LogPakFile: Registered encryption key '00000000000000000000000000000000': 0 pak files mounted, 0 remain pending
[2019.03.22-05.31.56:252][  0]LogPakFile: Registered encryption key '00000000000000000000000000000000': 0 pak files mounted, 0 remain pending
[2019.03.22-05.31.56:252][  0]LogPakFile: Registered encryption key '00000000000000000000000000000000': 0 pak files mounted, 0 remain pending
[2019.03.22-05.31.56:253][  0]LogPakFile: Registered encryption key '00000000000000000000000000000000': 0 pak files mounted, 0 remain pending
[2019.03.22-05.31.56:253][  0]LogPakFile: Registered encryption key '00000000000000000000000000000000': 0 pak files mounted, 0 remain pending
[2019.03.22-05.31.56:254][  0]LogPakFile: Registered encryption key '00000000000000000000000000000000': 0 pak files mounted, 0 remain pending
[2019.03.22-05.31.56:254][  0]LogPakFile: Registered encryption key '00000000000000000000000000000000': 0 pak files mounted, 0 remain pending
[2019.03.22-05.31.56:255][  0]LogPakFile: Registered encryption key '00000000000000000000000000000000': 0 pak files mounted, 0 remain pending
[2019.03.22-05.31.56:256][  0]LogPakFile: Registered encryption key '00000000000000000000000000000000': 0 pak files mounted, 0 remain pending
[2019.03.22-05.31.56:256][  0]LogPakFile: Registered encryption key '00000000000000000000000000000000': 0 pak files mounted, 0 remain pending
[2019.03.22-05.31.56:257][  0]LogPakFile: Registered encryption key '00000000000000000000000000000000': 0 pak files mounted, 0 remain pending
[2019.03.22-05.31.56:257][  0]LogPakFile: Registered encryption key '00000000000000000000000000000000': 0 pak files mounted, 0 remain pending
[2019.03.22-05.31.56:258][  0]LogPakFile: Registered encryption key '00000000000000000000000000000000': 0 pak files mounted, 0 remain pending
[2019.03.22-05.31.56:259][  0]LogPakFile: Registered encryption key '00000000000000000000000000000000': 0 pak files mounted, 0 remain pending
[2019.03.22-05.31.56:259][  0]LogPakFile: Registered encryption key '00000000000000000000000000000000': 0 pak files mounted, 0 remain pending
[2019.03.22-05.31.56:260][  0]LogPakFile: Registered encryption key '00000000000000000000000000000000': 0 pak files mounted, 0 remain pending
[2019.03.22-05.31.56:261][  0]LogPakFile: Registered encryption key '00000000000000000000000000000000': 0 pak files mounted, 0 remain pending
[2019.03.22-05.31.56:261][  0]LogPakFile: Registered encryption key '00000000000000000000000000000000': 0 pak files mounted, 0 remain pending
[2019.03.22-05.31.56:262][  0]LogPakFile: Registered encryption key '00000000000000000000000000000000': 0 pak files mounted, 0 remain pending
[2019.03.22-05.31.56:263][  0]LogPakFile: Registered encryption key '00000000000000000000000000000000': 0 pak files mounted, 0 remain pending
[2019.03.22-05.31.56:264][  0]LogPakFile: Registered encryption key '00000000000000000000000000000000': 0 pak files mounted, 0 remain pending
[2019.03.22-05.31.56:264][  0]LogPakFile: Registered encryption key '00000000000000000000000000000000': 0 pak files mounted, 0 remain pending
[2019.03.22-05.31.56:265][  0]LogPakFile: Registered encryption key '00000000000000000000000000000000': 0 pak files mounted, 0 remain pending
[2019.03.22-05.31.56:266][  0]LogPakFile: Registered encryption key '00000000000000000000000000000000': 0 pak files mounted, 0 remain pending
[2019.03.22-05.31.56:266][  0]LogPakFile: Registered encryption key '00000000000000000000000000000000': 0 pak files mounted, 0 remain pending
[2019.03.22-05.31.56:267][  0]LogPakFile: Registered encryption key '00000000000000000000000000000000': 0 pak files mounted, 0 remain pending
[2019.03.22-05.31.56:268][  0]LogPakFile: Registered encryption key '00000000000000000000000000000000': 0 pak files mounted, 0 remain pending
[2019.03.22-05.31.56:268][  0]LogPakFile: Registered encryption key '00000000000000000000000000000000': 0 pak files mounted, 0 remain pending
[2019.03.22-05.31.56:350][  0]LogContentBrowser: Native class hierarchy updated for 'AddContentDialog' in 0.0005 seconds. Added 0 classes and 0 folders.
[2019.03.22-05.31.56:433][  0]LogSlate: Took 0.000245 seconds to synchronously load lazily loaded font '../../../Engine/Content/Slate/Fonts/Roboto-Regular.ttf' (155K)
[2019.03.22-05.31.56:439][  0]LogSlate: Took 0.000253 seconds to synchronously load lazily loaded font '../../../Engine/Content/Slate/Fonts/Roboto-Bold.ttf' (160K)
[2019.03.22-05.31.56:442][  0]LogSlate: Took 0.000173 seconds to synchronously load lazily loaded font '../../../Engine/Content/Editor/Slate/Fonts/FontAwesome.ttf' (139K)
[2019.03.22-05.31.56:511][  0]LogRenderer: Reallocating scene render targets to support 968x608 Format 10 NumSamples 1 (Frame:1).
[2019.03.22-05.31.56:631][  0]LogContentBrowser: Native class hierarchy updated for 'HierarchicalLODOutliner' in 0.0005 seconds. Added 0 classes and 0 folders.
[2019.03.22-05.31.56:631][  0]LogLoad: (Engine Initialization) Total time: 15.85 seconds
[2019.03.22-05.31.56:631][  0]LogLoad: (Engine Initialization) Total Blueprint compile time: 0.00 seconds
[2019.03.22-05.31.56:642][  0]LogWindowsTextInputMethodSystem: Display: IME system now deactivated.
[2019.03.22-05.31.56:706][  0]LogContentStreaming: Texture pool size now 1000 MB
[2019.03.22-05.31.56:722][  0]LogSlate: Took 0.000178 seconds to synchronously load lazily loaded font '../../../Engine/Content/Slate/Fonts/Roboto-Light.ttf' (167K)
[2019.03.22-05.31.56:746][  1]LogAssetRegistry: Asset discovery search completed in 9.7644 seconds
[2019.03.22-05.31.56:748][  1]LogCollectionManager: Rebuilt the object cache for 0 collections in 0.000001 seconds (found 0 objects)
[2019.03.22-05.31.56:748][  1]LogCollectionManager: Fixed up redirectors for 0 collections in 0.000065 seconds (updated 0 objects)
[2019.03.22-05.32.11:298][733]LogSlate: FSceneViewport::OnFocusLost() reason 0
[2019.03.22-05.32.11:381][743]LogSlate: Window 'Plugins' being destroyed
[2019.03.22-05.32.11:384][743]LogSlate: Window 'Plugins' being destroyed
[2019.03.22-05.32.11:384][743]LogDirectoryWatcher: A directory notification for '../../../Engine/Plugins/' was aborted.
[2019.03.22-05.32.11:384][743]LogDirectoryWatcher: A directory notification for 'C:/Program Files/Epic Games/UE_4.21/Enterprise/Plugins/' was aborted.
[2019.03.22-05.32.25:041][381]LogSlate: FSceneViewport::OnFocusLost() reason 0
[2019.03.22-05.32.30:226][992]LogEditorViewport: Clicking on Actor (LMB): BP_Sky_Sphere_C (Sky Sphere)
[2019.03.22-05.32.30:910][ 64]LogSlate: FSceneViewport::OnFocusLost() reason 0
[2019.03.22-05.32.31:210][ 99]LogSlate: Took 0.000201 seconds to synchronously load lazily loaded font '../../../Engine/Content/Slate/Fonts/Roboto-Light.ttf' (167K)
[2019.03.22-05.32.31:353][ 99]LogSavePackage: Moving '../../../../../../Users/ruari/Documents/GitHub/Train_Jam-03-19/TrainJam/Saved/MainGameSceneE8A19ED1484FFDE89F89CD977CE637F4.tmp' to '../../../../../../Users/ruari/Documents/GitHub/Train_Jam-03-19/TrainJam/Content/Scene/MainGameScene.umap'
[2019.03.22-05.32.31:385][ 99]Cmd: OBJ SAVEPACKAGE PACKAGE="/Game/Scene/MainGameScene_BuiltData" FILE="../../../../../../Users/ruari/Documents/GitHub/Train_Jam-03-19/TrainJam/Content/Scene/MainGameScene_BuiltData.uasset" SILENT=true
[2019.03.22-05.32.31:410][ 99]LogSavePackage: Moving '../../../../../../Users/ruari/Documents/GitHub/Train_Jam-03-19/TrainJam/Saved/MainGameScene_BuiltDataDF5F58F648F38904F5A157B5E1DDC3BF.tmp' to '../../../../../../Users/ruari/Documents/GitHub/Train_Jam-03-19/TrainJam/Content/Scene/MainGameScene_BuiltData.uasset'
[2019.03.22-05.32.38:936][993]LogAssetEditorManager: Opening Asset editor for Class /Script/TrainJam.PlayerInputManager
[2019.03.22-05.33.17:450][184]LogEditorViewport: Clicking on Actor (LMB): BP_Sky_Sphere_C (Sky Sphere)
[2019.03.22-05.33.18:347][290]LogSlate: FSceneViewport::OnFocusLost() reason 0
[2019.03.22-05.33.20:145][488]LogSavePackage: Moving '../../../../../../Users/ruari/Documents/GitHub/Train_Jam-03-19/TrainJam/Saved/MainGameScene604433314ACDA99B267CA8B470C96B02.tmp' to '../../../../../../Users/ruari/Documents/GitHub/Train_Jam-03-19/TrainJam/Content/Scene/MainGameScene.umap'
[2019.03.22-05.33.20:185][488]Cmd: OBJ SAVEPACKAGE PACKAGE="/Game/Scene/MainGameScene_BuiltData" FILE="../../../../../../Users/ruari/Documents/GitHub/Train_Jam-03-19/TrainJam/Content/Scene/MainGameScene_BuiltData.uasset" SILENT=true
[2019.03.22-05.33.20:203][488]LogSavePackage: Moving '../../../../../../Users/ruari/Documents/GitHub/Train_Jam-03-19/TrainJam/Saved/MainGameScene_BuiltDataC48620B94F38DB043F0E109BF498B870.tmp' to '../../../../../../Users/ruari/Documents/GitHub/Train_Jam-03-19/TrainJam/Content/Scene/MainGameScene_BuiltData.uasset'
[2019.03.22-05.37.49:989][805]LogSavePackage: Moving '../../../../../../Users/ruari/Documents/GitHub/Train_Jam-03-19/TrainJam/Saved/MainGameScene42382DE846D98CECBE9C7CBFA847E132.tmp' to '../../../../../../Users/ruari/Documents/GitHub/Train_Jam-03-19/TrainJam/Content/Scene/MainGameScene.umap'
[2019.03.22-05.37.50:019][805]Cmd: OBJ SAVEPACKAGE PACKAGE="/Game/Scene/MainGameScene_BuiltData" FILE="../../../../../../Users/ruari/Documents/GitHub/Train_Jam-03-19/TrainJam/Content/Scene/MainGameScene_BuiltData.uasset" SILENT=true
[2019.03.22-05.37.50:041][805]LogSavePackage: Moving '../../../../../../Users/ruari/Documents/GitHub/Train_Jam-03-19/TrainJam/Saved/MainGameScene_BuiltDataA78336CB4F604EA9A22ABCA4AFAC2F0A.tmp' to '../../../../../../Users/ruari/Documents/GitHub/Train_Jam-03-19/TrainJam/Content/Scene/MainGameScene_BuiltData.uasset'
[2019.03.22-05.37.51:746][986]LogSlate: Window 'TrainJam - Unreal Editor' being destroyed
[2019.03.22-05.37.51:747][986]LogWindowsTextInputMethodSystem: Display: IME system now deactivated.
[2019.03.22-05.37.51:921][987]Cmd: QUIT_EDITOR
[2019.03.22-05.37.51:955][987]LogExit: Preparing to exit.
[2019.03.22-05.37.52:585][987]LogExit: Editor shut down
[2019.03.22-05.37.52:586][987]LogExit: Transaction tracking system shut down
[2019.03.22-05.37.52:780][987]LogExit: Object subsystem successfully closed.
[2019.03.22-05.37.52:795][987]LogShaderCompilers: Display: Shaders left to compile 0
[2019.03.22-05.37.52:798][987]LogD3D11RHI: Shutdown
[2019.03.22-05.37.52:798][987]LogD3D11RHI: CleanupD3DDevice
[2019.03.22-05.37.52:800][987]LogD3D11RHI: ~FD3D11DynamicRHI
[2019.03.22-05.37.52:836][987]LogModuleManager: Shutting down and abandoning module HierarchicalLODOutliner (642)
[2019.03.22-05.37.52:836][987]LogModuleManager: Shutting down and abandoning module AddContentDialog (640)
[2019.03.22-05.37.52:839][987]LogModuleManager: Shutting down and abandoning module WidgetCarousel (639)
[2019.03.22-05.37.52:839][987]LogModuleManager: Shutting down and abandoning module EditorWidgets (636)
[2019.03.22-05.37.52:839][987]LogModuleManager: Shutting down and abandoning module CollectionManager (634)
[2019.03.22-05.37.52:839][987]LogModuleManager: Shutting down and abandoning module SceneOutliner (632)
[2019.03.22-05.37.52:839][987]LogModuleManager: Shutting down and abandoning module StatsViewer (630)
[2019.03.22-05.37.52:839][987]LogModuleManager: Shutting down and abandoning module FoliageEdit (628)
[2019.03.22-05.37.52:839][987]LogModuleManager: Shutting down and abandoning module LandscapeEditor (626)
[2019.03.22-05.37.52:839][987]LogModuleManager: Shutting down and abandoning module MeshPaintMode (624)
[2019.03.22-05.37.52:839][987]LogModuleManager: Shutting down and abandoning module SceneDepthPickerMode (622)
[2019.03.22-05.37.52:839][987]LogModuleManager: Shutting down and abandoning module ActorPickerMode (620)
[2019.03.22-05.37.52:839][987]LogModuleManager: Shutting down and abandoning module GeometryMode (618)
[2019.03.22-05.37.52:839][987]LogModuleManager: Shutting down and abandoning module TextureAlignMode (616)
[2019.03.22-05.37.52:839][987]LogModuleManager: Shutting down and abandoning module BspMode (614)
[2019.03.22-05.37.52:839][987]LogModuleManager: Shutting down and abandoning module PIEPreviewDeviceProfileSelector (612)
[2019.03.22-05.37.52:839][987]LogModuleManager: Shutting down and abandoning module SequenceRecorderSections (610)
[2019.03.22-05.37.52:839][987]LogModuleManager: Shutting down and abandoning module AutomationWorker (608)
[2019.03.22-05.37.52:839][987]LogModuleManager: Shutting down and abandoning module DatasmithFBXImporter (606)
[2019.03.22-05.37.52:839][987]LogModuleManager: Shutting down and abandoning module DatasmithDeltaGenImporter (604)
[2019.03.22-05.37.52:839][987]LogModuleManager: Shutting down and abandoning module DatasmithVREDImporter (602)
[2019.03.22-05.37.52:839][987]LogModuleManager: Shutting down and abandoning module AudioCaptureEditor (600)
[2019.03.22-05.37.52:839][987]LogModuleManager: Shutting down and abandoning module MatineeToLevelSequence (598)
[2019.03.22-05.37.52:839][987]LogModuleManager: Shutting down and abandoning module LevelSequenceEditor (596)
[2019.03.22-05.37.52:839][987]LogModuleManager: Shutting down and abandoning module PlacementMode (595)
[2019.03.22-05.37.52:839][987]LogModuleManager: Shutting down and abandoning module MaterialEditor (594)
[2019.03.22-05.37.52:839][987]LogModuleManager: Shutting down and abandoning module WmfMediaFactory (590)
[2019.03.22-05.37.52:840][987]LogModuleManager: Shutting down and abandoning module WmfMediaEditor (588)
[2019.03.22-05.37.52:840][987]LogModuleManager: Shutting down and abandoning module WebMMediaFactory (586)
[2019.03.22-05.37.52:840][987]LogModuleManager: Shutting down and abandoning module WebMMediaEditor (584)
[2019.03.22-05.37.52:840][987]LogModuleManager: Shutting down and abandoning module WebMMedia (582)
[2019.03.22-05.37.52:840][987]LogModuleManager: Shutting down and abandoning module MediaPlayerEditor (580)
[2019.03.22-05.37.52:840][987]LogModuleManager: Shutting down and abandoning module MediaCompositingEditor (578)
[2019.03.22-05.37.52:840][987]LogModuleManager: Shutting down and abandoning module SequenceRecorder (577)
[2019.03.22-05.37.52:840][987]LogModuleManager: Shutting down and abandoning module OpenExrWrapper (574)
[2019.03.22-05.37.52:840][987]LogModuleManager: Shutting down and abandoning module ImgMediaFactory (572)
[2019.03.22-05.37.52:840][987]LogModuleManager: Shutting down and abandoning module ImgMediaEditor (570)
[2019.03.22-05.37.52:840][987]LogModuleManager: Shutting down and abandoning module AvfMediaFactory (568)
[2019.03.22-05.37.52:840][987]LogModuleManager: Shutting down and abandoning module AvfMediaEditor (566)
[2019.03.22-05.37.52:840][987]LogModuleManager: Shutting down and abandoning module AndroidMediaFactory (564)
[2019.03.22-05.37.52:840][987]LogModuleManager: Shutting down and abandoning module AndroidMediaEditor (562)
[2019.03.22-05.37.52:840][987]LogModuleManager: Shutting down and abandoning module MagicLeapCameraPreviewFactory (560)
[2019.03.22-05.37.52:840][987]LogModuleManager: Shutting down and abandoning module MagicLeapMediaFactory (558)
[2019.03.22-05.37.52:840][987]LogModuleManager: Shutting down and abandoning module MagicLeapMediaEditor (556)
[2019.03.22-05.37.52:840][987]LogModuleManager: Shutting down and abandoning module CharacterAI (554)
[2019.03.22-05.37.52:840][987]LogModuleManager: Shutting down and abandoning module SmartSnapping (552)
[2019.03.22-05.37.52:840][987]LogModuleManager: Shutting down and abandoning module SessionServices (550)
[2019.03.22-05.37.52:840][987]LogModuleManager: Shutting down and abandoning module ViewportSnapping (548)
[2019.03.22-05.37.52:840][987]LogModuleManager: Shutting down and abandoning module ViewportInteraction (546)
[2019.03.22-05.37.52:840][987]LogModuleManager: Shutting down and abandoning module ClothPainter (544)
[2019.03.22-05.37.52:840][987]LogModuleManager: Shutting down and abandoning module SkeletalMeshEditor (543)
[2019.03.22-05.37.52:840][987]LogModuleManager: Shutting down and abandoning module LogVisualizer (540)
[2019.03.22-05.37.52:840][987]LogModuleManager: Shutting down and abandoning module IntroTutorials (538)
[2019.03.22-05.37.52:840][987]LogModuleManager: Shutting down and abandoning module GameProjectGeneration (537)
[2019.03.22-05.37.52:840][987]LogModuleManager: Shutting down and abandoning module LuminPlatformEditor (534)
[2019.03.22-05.37.52:840][987]LogModuleManager: Shutting down and abandoning module IOSPlatformEditor (532)
[2019.03.22-05.37.52:840][987]LogModuleManager: Shutting down and abandoning module HTML5PlatformEditor (530)
[2019.03.22-05.37.52:840][987]LogModuleManager: Shutting down and abandoning module AndroidPlatformEditor (528)
[2019.03.22-05.37.52:840][987]LogModuleManager: Shutting down and abandoning module AndroidDeviceDetection (527)
[2019.03.22-05.37.53:162][987]LogModuleManager: Shutting down and abandoning module WindowsPlatformEditor (524)
[2019.03.22-05.37.53:162][987]LogModuleManager: Shutting down and abandoning module LuminRuntimeSettings (522)
[2019.03.22-05.37.53:162][987]LogModuleManager: Shutting down and abandoning module IOSRuntimeSettings (520)
[2019.03.22-05.37.53:162][987]LogModuleManager: Shutting down and abandoning module AndroidRuntimeSettings (518)
[2019.03.22-05.37.53:162][987]LogModuleManager: Shutting down and abandoning module TimeManagementEditor (516)
[2019.03.22-05.37.53:162][987]LogModuleManager: Shutting down and abandoning module InputBindingEditor (514)
[2019.03.22-05.37.53:162][987]LogModuleManager: Shutting down and abandoning module MergeActors (512)
[2019.03.22-05.37.53:163][987]LogModuleManager: Shutting down and abandoning module LocalizationDashboard (510)
[2019.03.22-05.37.53:163][987]LogModuleManager: Shutting down and abandoning module LocalizationService (509)
[2019.03.22-05.37.53:163][987]LogModuleManager: Shutting down and abandoning module HardwareTargeting (506)
[2019.03.22-05.37.53:163][987]LogModuleManager: Shutting down and abandoning module DeviceProfileEditor (504)
[2019.03.22-05.37.53:163][987]LogModuleManager: Shutting down and abandoning module UndoHistory (502)
[2019.03.22-05.37.53:163][987]LogModuleManager: Shutting down and abandoning module XmlParser (500)
[2019.03.22-05.37.53:163][987]LogModuleManager: Shutting down and abandoning module Blutility (498)
[2019.03.22-05.37.53:163][987]LogModuleManager: Shutting down and abandoning module ProjectSettingsViewer (496)
[2019.03.22-05.37.53:163][987]LogModuleManager: Shutting down and abandoning module ProjectTargetPlatformEditor (495)
[2019.03.22-05.37.53:163][987]LogModuleManager: Shutting down and abandoning module EditorSettingsViewer (492)
[2019.03.22-05.37.53:163][987]LogModuleManager: Shutting down and abandoning module SettingsEditor (490)
[2019.03.22-05.37.53:163][987]LogModuleManager: Shutting down and abandoning module ProjectLauncher (488)
[2019.03.22-05.37.53:163][987]LogModuleManager: Shutting down and abandoning module SessionFrontend (486)
[2019.03.22-05.37.53:163][987]LogModuleManager: Shutting down and abandoning module ProfilerClient (484)
[2019.03.22-05.37.53:163][987]LogModuleManager: Shutting down and abandoning module DeviceManager (482)
[2019.03.22-05.37.53:163][987]LogModuleManager: Shutting down and abandoning module TargetDeviceServices (481)
[2019.03.22-05.37.53:218][987]LogModuleManager: Shutting down and abandoning module AutomationController (478)
[2019.03.22-05.37.53:218][987]LogModuleManager: Shutting down and abandoning module AutomationWindow (476)
[2019.03.22-05.37.53:218][987]LogModuleManager: Shutting down and abandoning module Layers (474)
[2019.03.22-05.37.53:218][987]LogModuleManager: Shutting down and abandoning module ComponentVisualizers (472)
[2019.03.22-05.37.53:218][987]LogModuleManager: Shutting down and abandoning module DetailCustomizations (470)
[2019.03.22-05.37.53:218][987]LogModuleManager: Shutting down and abandoning module PackagesDialog (468)
[2019.03.22-05.37.53:218][987]LogModuleManager: Shutting down and abandoning module Persona (466)
[2019.03.22-05.37.53:218][987]LogModuleManager: Shutting down and abandoning module AnimGraph (465)
[2019.03.22-05.37.53:218][987]LogModuleManager: Shutting down and abandoning module Kismet (462)
[2019.03.22-05.37.53:218][987]LogModuleManager: Shutting down and abandoning module GraphEditor (460)
[2019.03.22-05.37.53:219][987]LogModuleManager: Shutting down and abandoning module ClassViewer (458)
[2019.03.22-05.37.53:219][987]LogModuleManager: Shutting down and abandoning module Toolbox (456)
[2019.03.22-05.37.53:219][987]LogModuleManager: Shutting down and abandoning module DesktopPlatform (455)
[2019.03.22-05.37.53:219][987]LogModuleManager: Shutting down and abandoning module ModuleUI (452)
[2019.03.22-05.37.53:219][987]LogModuleManager: Shutting down and abandoning module MovieSceneTools (450)
[2019.03.22-05.37.53:219][987]LogModuleManager: Shutting down and abandoning module OutputLog (448)
[2019.03.22-05.37.53:219][987]LogModuleManager: Shutting down and abandoning module GammaUI (446)
[2019.03.22-05.37.53:219][987]LogModuleManager: Shutting down and abandoning module Documentation (444)
[2019.03.22-05.37.53:219][987]LogModuleManager: Shutting down and abandoning module MovieSceneTracks (442)
[2019.03.22-05.37.53:219][987]LogModuleManager: Shutting down and abandoning module MovieScene (440)
[2019.03.22-05.37.53:219][987]LogModuleManager: Shutting down and abandoning module StreamingPauseRendering (438)
[2019.03.22-05.37.53:219][987]LogModuleManager: Shutting down and abandoning module LauncherPlatform (436)
[2019.03.22-05.37.53:219][987]LogModuleManager: Shutting down and abandoning module AnalyticsET (434)
[2019.03.22-05.37.53:219][987]LogModuleManager: Shutting down and abandoning module PortalServices (432)
[2019.03.22-05.37.53:219][987]LogModuleManager: Shutting down and abandoning module PortalRpc (430)
[2019.03.22-05.37.53:219][987]LogModuleManager: Shutting down and abandoning module MessagingRpc (428)
[2019.03.22-05.37.53:219][987]LogModuleManager: Shutting down and abandoning module AIModule (426)
[2019.03.22-05.37.53:219][987]LogModuleManager: Shutting down and abandoning module GameplayDebugger (425)
[2019.03.22-05.37.53:219][987]LogModuleManager: Shutting down and abandoning module AITestSuite (423)
[2019.03.22-05.37.53:219][987]LogModuleManager: Shutting down and abandoning module NavigationSystem (421)
[2019.03.22-05.37.53:219][987]LogModuleManager: Shutting down and abandoning module ImageWriteQueue (418)
[2019.03.22-05.37.53:222][987]LogModuleManager: Shutting down and abandoning module ProfilerService (416)
[2019.03.22-05.37.53:282][987]LogModuleManager: Shutting down and abandoning module TaskGraph (414)
[2019.03.22-05.37.53:282][987]LogModuleManager: Shutting down and abandoning module DatasmithCADImporter (412)
[2019.03.22-05.37.53:283][987]LogModuleManager: Shutting down and abandoning module VariantManager (410)
[2019.03.22-05.37.53:283][987]LogModuleManager: Shutting down and abandoning module StaticMeshEditorExtension (408)
[2019.03.22-05.37.53:283][987]LogModuleManager: Shutting down and abandoning module StaticMeshEditor (407)
[2019.03.22-05.37.53:283][987]LogModuleManager: Shutting down and abandoning module AdvancedPreviewScene (406)
[2019.03.22-05.37.53:283][987]LogModuleManager: Shutting down and abandoning module MeshProcessingLibrary (403)
[2019.03.22-05.37.53:283][987]LogModuleManager: Shutting down and abandoning module MDLImporter (400)
[2019.03.22-05.37.53:283][987]LogModuleManager: Shutting down and abandoning module DatasmithImporter (398)
[2019.03.22-05.37.53:283][987]LogModuleManager: Shutting down and abandoning module ProceduralMeshComponentEditor (396)
[2019.03.22-05.37.53:283][987]LogModuleManager: Shutting down and abandoning module ProceduralMeshComponent (394)
[2019.03.22-05.37.53:283][987]LogModuleManager: Shutting down and abandoning module OculusInput (392)
[2019.03.22-05.37.53:283][987]LogModuleManager: Shutting down and abandoning module MobilePatchingUtils (390)
[2019.03.22-05.37.53:283][987]LogModuleManager: Shutting down and abandoning module EditableMesh (388)
[2019.03.22-05.37.53:283][987]LogModuleManager: Shutting down and abandoning module CustomMeshComponent (386)
[2019.03.22-05.37.53:283][987]LogModuleManager: Shutting down and abandoning module CableComponent (384)
[2019.03.22-05.37.53:283][987]LogModuleManager: Shutting down and abandoning module AudioCapture (382)
[2019.03.22-05.37.53:283][987]LogModuleManager: Shutting down and abandoning module ArchVisCharacter (380)
[2019.03.22-05.37.53:283][987]LogModuleManager: Shutting down and abandoning module AndroidPermission (378)
[2019.03.22-05.37.53:283][987]LogModuleManager: Shutting down and abandoning module NUTUnrealEngine4 (376)
[2019.03.22-05.37.53:283][987]LogModuleManager: Shutting down and abandoning module NetcodeUnitTest (374)
[2019.03.22-05.37.53:284][987]LogModuleManager: Shutting down and abandoning module MediaCompositing (372)
[2019.03.22-05.37.53:284][987]LogModuleManager: Shutting down and abandoning module LinearTimecode (370)
[2019.03.22-05.37.53:284][987]LogModuleManager: Shutting down and abandoning module ImgMedia (368)
[2019.03.22-05.37.53:287][987]LogModuleManager: Shutting down and abandoning module HTML5Networking (366)
[2019.03.22-05.37.53:287][987]LogModuleManager: Shutting down and abandoning module GeometryCacheTracks (364)
[2019.03.22-05.37.53:287][987]LogModuleManager: Shutting down and abandoning module GeometryCacheSequencer (362)
[2019.03.22-05.37.53:287][987]LogModuleManager: Shutting down and abandoning module BackChannel (360)
[2019.03.22-05.37.53:287][987]LogModuleManager: Shutting down and abandoning module AppleVision (358)
[2019.03.22-05.37.53:287][987]LogModuleManager: Shutting down and abandoning module AppleImageUtilsBlueprintSupport (356)
[2019.03.22-05.37.53:287][987]LogModuleManager: Shutting down and abandoning module AppleImageUtils (354)
[2019.03.22-05.37.53:287][987]LogModuleManager: Shutting down and abandoning module AlembicImporter (352)
[2019.03.22-05.37.53:287][987]LogModuleManager: Shutting down and abandoning module AlembicLibrary (351)
[2019.03.22-05.37.53:287][987]LogModuleManager: Shutting down and abandoning module GeometryCache (350)
[2019.03.22-05.37.53:287][987]LogModuleManager: Shutting down and abandoning module GeometryCacheEd (349)
[2019.03.22-05.37.53:287][987]LogModuleManager: Shutting down and abandoning module VariantManagerContent (344)
[2019.03.22-05.37.53:287][987]LogModuleManager: Shutting down and abandoning module DatasmithContentEditor (342)
[2019.03.22-05.37.53:287][987]LogModuleManager: Shutting down and abandoning module SpeedTreeImporter (340)
[2019.03.22-05.37.53:287][987]LogModuleManager: Shutting down and abandoning module PluginBrowser (338)
[2019.03.22-05.37.53:287][987]LogModuleManager: Shutting down and abandoning module MobileLauncherProfileWizard (336)
[2019.03.22-05.37.53:287][987]LogModuleManager: Shutting down and abandoning module PolygonModeling (334)
[2019.03.22-05.37.53:287][987]LogModuleManager: Shutting down and abandoning module MeshEditor (332)
[2019.03.22-05.37.53:287][987]LogModuleManager: Shutting down and abandoning module EditorScriptingUtilities (330)
[2019.03.22-05.37.53:287][987]LogModuleManager: Shutting down and abandoning module CryptoKeysOpenSSL (328)
[2019.03.22-05.37.53:287][987]LogModuleManager: Shutting down and abandoning module CryptoKeys (326)
[2019.03.22-05.37.53:287][987]LogModuleManager: Shutting down and abandoning module VisualStudioSourceCodeAccess (324)
[2019.03.22-05.37.53:287][987]LogModuleManager: Shutting down and abandoning module VisualStudioCodeSourceCodeAccess (322)
[2019.03.22-05.37.53:287][987]LogModuleManager: Shutting down and abandoning module UObjectPlugin (320)
[2019.03.22-05.37.53:287][987]LogModuleManager: Shutting down and abandoning module SubversionSourceControl (318)
[2019.03.22-05.37.53:287][987]LogModuleManager: Shutting down and abandoning module PerforceSourceControl (316)
[2019.03.22-05.37.53:287][987]LogModuleManager: Shutting down and abandoning module GitSourceControl (314)
[2019.03.22-05.37.53:287][987]LogModuleManager: Shutting down and abandoning module SourceControl (313)
[2019.03.22-05.37.53:287][987]LogModuleManager: Shutting down and abandoning module CLionSourceCodeAccess (310)
[2019.03.22-05.37.53:287][987]LogModuleManager: Shutting down and abandoning module ActorLayerUtilitiesEditor (308)
[2019.03.22-05.37.53:287][987]LogModuleManager: Shutting down and abandoning module ActorLayerUtilities (306)
[2019.03.22-05.37.53:287][987]LogModuleManager: Shutting down and abandoning module LightPropagationVolumeEditor (304)
[2019.03.22-05.37.53:288][987]LogModuleManager: Shutting down and abandoning module PaperTiledImporter (302)
[2019.03.22-05.37.53:288][987]LogModuleManager: Shutting down and abandoning module PaperSpriteSheetImporter (300)
[2019.03.22-05.37.53:288][987]LogModuleManager: Shutting down and abandoning module Paper2DEditor (298)
[2019.03.22-05.37.53:288][987]LogModuleManager: Shutting down and abandoning module MeshPaint (297)
[2019.03.22-05.37.53:288][987]LogModuleManager: Shutting down and abandoning module TrainJam (294)
[2019.03.22-05.37.53:288][987]LogModuleManager: Shutting down and abandoning module RuntimePhysXCooking (292)
[2019.03.22-05.37.53:288][987]LogModuleManager: Shutting down and abandoning module PhysXVehiclesEditor (290)
[2019.03.22-05.37.53:288][987]LogModuleManager: Shutting down and abandoning module PhysXVehicles (288)
[2019.03.22-05.37.53:288][987]LogModuleManager: Shutting down and abandoning module OculusEditor (286)
[2019.03.22-05.37.53:288][987]LogModuleManager: Shutting down and abandoning module LocationServicesBPLibrary (284)
[2019.03.22-05.37.53:288][987]LogModuleManager: Shutting down and abandoning module ActorSequence (282)
[2019.03.22-05.37.53:288][987]LogModuleManager: Shutting down and abandoning module UdpMessaging (280)
[2019.03.22-05.37.53:389][987]LogModuleManager: Shutting down and abandoning module TcpMessaging (278)
[2019.03.22-05.37.53:533][987]LogModuleManager: Shutting down and abandoning module MagicLeapAudio (276)
[2019.03.22-05.37.53:533][987]LogModuleManager: Shutting down and abandoning module GameplayTagsEditor (274)
[2019.03.22-05.37.53:533][987]LogModuleManager: Shutting down and abandoning module FacialAnimationEditor (272)
[2019.03.22-05.37.53:533][987]LogModuleManager: Shutting down and abandoning module FacialAnimation (270)
[2019.03.22-05.37.53:533][987]LogModuleManager: Shutting down and abandoning module DataValidation (268)
[2019.03.22-05.37.53:533][987]LogModuleManager: Shutting down and abandoning module AssetManagerEditor (266)
[2019.03.22-05.37.53:534][987]LogModuleManager: Shutting down and abandoning module LevelEditor (265)
[2019.03.22-05.37.53:534][987]LogModuleManager: Shutting down and abandoning module PixelInspectorModule (264)
[2019.03.22-05.37.53:534][987]LogModuleManager: Shutting down and abandoning module CommonMenuExtensions (262)
[2019.03.22-05.37.53:534][987]LogModuleManager: Shutting down and abandoning module MainFrame (260)
[2019.03.22-05.37.53:534][987]LogModuleManager: Shutting down and abandoning module HotReload (259)
[2019.03.22-05.37.53:535][987]LogModuleManager: Shutting down and abandoning module ContentBrowser (255)
[2019.03.22-05.37.53:536][987]LogModuleManager: Shutting down and abandoning module TreeMap (253)
[2019.03.22-05.37.53:536][987]LogModuleManager: Shutting down and abandoning module LightPropagationVolumeRuntime (250)
[2019.03.22-05.37.53:536][987]LogModuleManager: Shutting down and abandoning module AISupportModule (248)
[2019.03.22-05.37.53:536][987]LogModuleManager: Shutting down and abandoning module Paper2D (246)
[2019.03.22-05.37.53:536][987]LogModuleManager: Shutting down and abandoning module WindowsMoviePlayer (244)
[2019.03.22-05.37.53:536][987]LogModuleManager: Shutting down and abandoning module WebMMoviePlayer (242)
[2019.03.22-05.37.53:536][987]LogModuleManager: Shutting down and abandoning module WmfMedia (240)
[2019.03.22-05.37.53:537][987]LogModuleManager: Shutting down and abandoning module Media (239)
[2019.03.22-05.37.53:543][987]LogModuleManager: Shutting down and abandoning module PacketHandler (236)
[2019.03.22-05.37.53:543][987]LogModuleManager: Shutting down and abandoning module ClothingSystemEditor (234)
[2019.03.22-05.37.53:543][987]LogModuleManager: Shutting down and abandoning module ClothingSystemRuntime (232)
[2019.03.22-05.37.53:543][987]LogModuleManager: Shutting down and abandoning module MediaAssets (230)
[2019.03.22-05.37.53:543][987]LogModuleManager: Shutting down and abandoning module Overlay (228)
[2019.03.22-05.37.53:543][987]LogModuleManager: Shutting down and abandoning module OverlayEditor (227)
[2019.03.22-05.37.53:543][987]LogModuleManager: Shutting down and abandoning module VREditor (224)
[2019.03.22-05.37.53:543][987]LogModuleManager: Shutting down and abandoning module StringTableEditor (222)
[2019.03.22-05.37.53:543][987]LogModuleManager: Shutting down and abandoning module GameplayTasksEditor (220)
[2019.03.22-05.37.53:543][987]LogModuleManager: Shutting down and abandoning module BehaviorTreeEditor (218)
[2019.03.22-05.37.53:543][987]LogModuleManager: Shutting down and abandoning module FunctionalTesting (216)
[2019.03.22-05.37.53:543][987]LogModuleManager: Shutting down and abandoning module CollisionAnalyzer (214)
[2019.03.22-05.37.53:543][987]LogModuleManager: Shutting down and abandoning module WorkspaceMenuStructure (213)
[2019.03.22-05.37.53:543][987]LogModuleManager: Shutting down and abandoning module UMG (210)
[2019.03.22-05.37.53:543][987]LogModuleManager: Shutting down and abandoning module UMGEditor (209)
[2019.03.22-05.37.53:543][987]LogModuleManager: Shutting down and abandoning module Sequencer (208)
[2019.03.22-05.37.53:543][987]LogModuleManager: Shutting down and abandoning module MessageLog (205)
[2019.03.22-05.37.53:544][987]LogModuleManager: Shutting down and abandoning module SlateReflector (200)
[2019.03.22-05.37.53:544][987]LogModuleManager: Shutting down and abandoning module Slate (198)
[2019.03.22-05.37.53:544][987]LogModuleManager: Shutting down and abandoning module EditorStyle (196)
[2019.03.22-05.37.53:545][987]LogModuleManager: Shutting down and abandoning module MRMesh (194)
[2019.03.22-05.37.53:545][987]LogModuleManager: Shutting down and abandoning module SourceCodeAccess (192)
[2019.03.22-05.37.53:545][987]LogModuleManager: Shutting down and abandoning module HeadMountedDisplay (190)
[2019.03.22-05.37.53:545][987]LogModuleManager: Shutting down and abandoning module XAudio2 (188)
[2019.03.22-05.37.53:545][987]LogModuleManager: Shutting down and abandoning module Networking (186)
[2019.03.22-05.37.53:545][987]LogModuleManager: Shutting down and abandoning module Core (184)
[2019.03.22-05.37.53:545][987]LogModuleManager: Shutting down and abandoning module LevelSequence (182)
[2019.03.22-05.37.53:545][987]LogModuleManager: Shutting down and abandoning module KismetCompiler (180)
[2019.03.22-05.37.53:545][987]LogModuleManager: Shutting down and abandoning module MeshUtilities (178)
[2019.03.22-05.37.53:545][987]LogModuleManager: Shutting down and abandoning module MeshMergeUtilities (177)
[2019.03.22-05.37.53:545][987]LogModuleManager: Shutting down and abandoning module MeshReductionInterface (176)
[2019.03.22-05.37.53:545][987]LogModuleManager: Shutting down and abandoning module SimplygonSwarm (175)
[2019.03.22-05.37.53:545][987]LogModuleManager: Shutting down and abandoning module ProxyLODMeshReduction (173)
[2019.03.22-05.37.53:545][987]LogModuleManager: Shutting down and abandoning module SimplygonMeshReduction (171)
[2019.03.22-05.37.53:545][987]LogModuleManager: Shutting down and abandoning module QuadricMeshReduction (169)
[2019.03.22-05.37.53:545][987]LogModuleManager: Shutting down and abandoning module MaterialBaking (165)
[2019.03.22-05.37.53:545][987]LogModuleManager: Shutting down and abandoning module DirectoryWatcher (161)
[2019.03.22-05.37.53:545][987]LogModuleManager: Shutting down and abandoning module DerivedDataCache (158)
[2019.03.22-05.37.53:566][987]LogDerivedDataCache: Shutdown
[2019.03.22-05.37.53:566][987]LogModuleManager: Shutting down and abandoning module XGEController (156)
[2019.03.22-05.37.53:566][987]LogModuleManager: Shutting down and abandoning module TargetPlatform (154)
[2019.03.22-05.37.53:567][987]LogModuleManager: Shutting down and abandoning module VulkanShaderFormat (153)
[2019.03.22-05.37.53:567][987]LogModuleManager: Shutting down and abandoning module ShaderFormatVectorVM (151)
[2019.03.22-05.37.53:567][987]LogModuleManager: Shutting down and abandoning module ShaderFormatOpenGL (149)
[2019.03.22-05.37.53:567][987]LogModuleManager: Shutting down and abandoning module ShaderFormatD3D (147)
[2019.03.22-05.37.53:567][987]LogModuleManager: Shutting down and abandoning module MetalShaderFormat (145)
[2019.03.22-05.37.53:567][987]LogModuleManager: Shutting down and abandoning module TextureFormatUncompressed (143)
[2019.03.22-05.37.53:567][987]LogModuleManager: Shutting down and abandoning module TextureFormatPVR (141)
[2019.03.22-05.37.53:567][987]LogModuleManager: Shutting down and abandoning module TextureFormatDXT (139)
[2019.03.22-05.37.53:567][987]LogModuleManager: Shutting down and abandoning module TextureFormatIntelISPCTexComp (137)
[2019.03.22-05.37.53:567][987]LogModuleManager: Shutting down and abandoning module TextureFormatASTC (135)
[2019.03.22-05.37.53:567][987]LogModuleManager: Shutting down and abandoning module ImageWrapper (134)
[2019.03.22-05.37.53:567][987]LogModuleManager: Shutting down and abandoning module TextureFormatAndroid (131)
[2019.03.22-05.37.53:567][987]LogModuleManager: Shutting down and abandoning module AudioFormatOpus (129)
[2019.03.22-05.37.53:567][987]LogModuleManager: Shutting down and abandoning module AudioFormatOgg (127)
[2019.03.22-05.37.53:567][987]LogModuleManager: Shutting down and abandoning module AudioFormatADPCM (125)
[2019.03.22-05.37.53:567][987]LogModuleManager: Shutting down and abandoning module LuminTargetPlatform (123)
[2019.03.22-05.37.53:568][987]LogModuleManager: Shutting down and abandoning module LinuxTargetPlatform (121)
[2019.03.22-05.37.53:568][987]LogModuleManager: Shutting down and abandoning module LinuxServerTargetPlatform (119)
[2019.03.22-05.37.53:568][987]LogModuleManager: Shutting down and abandoning module LinuxNoEditorTargetPlatform (117)
[2019.03.22-05.37.53:568][987]LogModuleManager: Shutting down and abandoning module LinuxClientTargetPlatform (115)
[2019.03.22-05.37.53:568][987]LogModuleManager: Shutting down and abandoning module TVOSTargetPlatform (113)
[2019.03.22-05.37.53:568][987]LogModuleManager: Shutting down and abandoning module Messaging (111)
[2019.03.22-05.37.53:568][987]LogModuleManager: Shutting down and abandoning module IOSTargetPlatform (109)
[2019.03.22-05.37.53:569][987]LogModuleManager: Shutting down and abandoning module HTML5TargetPlatform (107)
[2019.03.22-05.37.53:569][987]LogModuleManager: Shutting down and abandoning module AndroidTargetPlatform (105)
[2019.03.22-05.37.53:574][987]LogModuleManager: Shutting down and abandoning module WindowsTargetPlatform (103)
[2019.03.22-05.37.53:574][987]LogModuleManager: Shutting down and abandoning module WindowsServerTargetPlatform (101)
[2019.03.22-05.37.53:574][987]LogModuleManager: Shutting down and abandoning module WindowsNoEditorTargetPlatform (99)
[2019.03.22-05.37.53:574][987]LogModuleManager: Shutting down and abandoning module WindowsClientTargetPlatform (97)
[2019.03.22-05.37.53:574][987]LogModuleManager: Shutting down and abandoning module MacTargetPlatform (95)
[2019.03.22-05.37.53:574][987]LogModuleManager: Shutting down and abandoning module MacServerTargetPlatform (93)
[2019.03.22-05.37.53:574][987]LogModuleManager: Shutting down and abandoning module MacNoEditorTargetPlatform (91)
[2019.03.22-05.37.53:574][987]LogModuleManager: Shutting down and abandoning module MacClientTargetPlatform (89)
[2019.03.22-05.37.53:574][987]LogModuleManager: Shutting down and abandoning module AllDesktopTargetPlatform (87)
[2019.03.22-05.37.53:574][987]LogModuleManager: Shutting down and abandoning module InputCore (84)
[2019.03.22-05.37.53:574][987]LogModuleManager: Shutting down and abandoning module Settings (82)
[2019.03.22-05.37.53:574][987]LogModuleManager: Shutting down and abandoning module PhysXCooking (80)
[2019.03.22-05.37.53:574][987]LogModuleManager: Shutting down and abandoning module OculusHMD (78)
[2019.03.22-05.37.53:574][987]LogModuleManager: Shutting down and abandoning module ExampleDeviceProfileSelector (76)
[2019.03.22-05.37.53:574][987]LogModuleManager: Shutting down and abandoning module LauncherChunkInstaller (74)
[2019.03.22-05.37.53:574][987]LogModuleManager: Shutting down and abandoning module OnlineBlueprintSupport (72)
[2019.03.22-05.37.53:574][987]LogModuleManager: Shutting down and abandoning module OnlineSubsystem (68)
[2019.03.22-05.37.53:575][987]LogModuleManager: Shutting down and abandoning module XMPP (63)
[2019.03.22-05.37.53:575][987]LogModuleManager: Shutting down and abandoning module WebSockets (62)
[2019.03.22-05.37.53:606][987]LogModuleManager: Shutting down and abandoning module HTTP (59)
[2019.03.22-05.37.53:606][987]LogHttp: Display: Http module shutting down, but needs to wait on 1 outstanding Http requests:
[2019.03.22-05.37.53:606][987]LogHttp: Display: 	verb=[POST] url=[https://datarouter.ol.epicgames.com/datarouter/api/v1/public/data?SessionID=%7B6AB5BF7A-4B99-9D22-9B7E-91A065AAEFD9%7D&AppID=UEEditor.Rocket.Release&AppVersion=4.21.1-4613538%2B%2B%2BUE4%2BRelease-4.21&UserID=64c89bfe473d28e15e616881ce46d761%7C4a2746e8ada5493184b027804fdf0320%7C67dac20e-fe2f-43a8-8ca6-3f68a7554fe0&AppEnvironment=datacollector-binary&UploadType=eteventstream] status=Processing
[2019.03.22-05.37.53:610][987]LogModuleManager: Shutting down and abandoning module SSL (58)
[2019.03.22-05.37.53:611][987]LogModuleManager: Shutting down and abandoning module MagicLeapIdentity (54)
[2019.03.22-05.37.53:611][987]LogModuleManager: Shutting down and abandoning module MagicLeapHelperVulkan (52)
[2019.03.22-05.37.53:611][987]LogModuleManager: Shutting down and abandoning module MagicLeapHelperOpenGL (50)
[2019.03.22-05.37.53:611][987]LogModuleManager: Shutting down and abandoning module MagicLeapSecureStorage (48)
[2019.03.22-05.37.53:611][987]LogModuleManager: Shutting down and abandoning module MagicLeapHandTracking (46)
[2019.03.22-05.37.53:611][987]LogModuleManager: Shutting down and abandoning module MagicLeapEyeTracker (44)
[2019.03.22-05.37.53:611][987]LogModuleManager: Shutting down and abandoning module MagicLeapController (42)
[2019.03.22-05.37.53:611][987]LogSlate: Slate User Destroyed.  User Index 0, Is Virtual User: 0
[2019.03.22-05.37.53:611][987]LogModuleManager: Shutting down and abandoning module MagicLeap (40)
[2019.03.22-05.37.53:611][987]LogModuleManager: Shutting down and abandoning module DatasmithContent (38)
[2019.03.22-05.37.53:611][987]LogModuleManager: Shutting down and abandoning module AnimationModifiers (36)
[2019.03.22-05.37.53:611][987]LogModuleManager: Shutting down and abandoning module PropertyEditor (35)
[2019.03.22-05.37.53:611][987]LogModuleManager: Shutting down and abandoning module AudioEditor (32)
[2019.03.22-05.37.53:611][987]LogModuleManager: Shutting down and abandoning module TextureCompressor (30)
[2019.03.22-05.37.53:611][987]LogModuleManager: Shutting down and abandoning module ShaderCore (28)
[2019.03.22-05.37.53:611][987]LogModuleManager: Shutting down and abandoning module Landscape (26)
[2019.03.22-05.37.53:611][987]LogModuleManager: Shutting down and abandoning module SlateRHIRenderer (24)
[2019.03.22-05.37.53:612][987]LogModuleManager: Shutting down and abandoning module OpenGLDrv (22)
[2019.03.22-05.37.53:612][987]LogModuleManager: Shutting down and abandoning module D3D11RHI (20)
[2019.03.22-05.37.53:612][987]LogModuleManager: Shutting down and abandoning module AnimGraphRuntime (18)
[2019.03.22-05.37.53:612][987]LogModuleManager: Shutting down and abandoning module Renderer (16)
[2019.03.22-05.37.53:612][987]LogModuleManager: Shutting down and abandoning module Engine (14)
[2019.03.22-05.37.53:612][987]LogModuleManager: Shutting down and abandoning module CoreUObject (12)
[2019.03.22-05.37.53:612][987]LogModuleManager: Shutting down and abandoning module NetworkFile (10)
[2019.03.22-05.37.53:612][987]LogModuleManager: Shutting down and abandoning module CookedIterativeFile (8)
[2019.03.22-05.37.53:612][987]LogModuleManager: Shutting down and abandoning module StreamingFile (6)
[2019.03.22-05.37.53:612][987]LogModuleManager: Shutting down and abandoning module SandboxFile (4)
[2019.03.22-05.37.53:612][987]LogModuleManager: Shutting down and abandoning module PakFile (2)
[2019.03.22-05.37.53:622][987]LogExit: Exiting.
[2019.03.22-05.37.53:641][987]Log file closed, 03/22/19 05:37:53
