  Using 'git status' to determine working set for adaptive non-unity build (C:\Users\ruari\Documents\GitHub\Train_Jam-03-19).
  Creating makefile for TrainJamEditor (no existing makefile)
  Performing full C++ include scan (no include cache file)
  Using Visual Studio 2017 14.16.27023 toolchain (C:\Program Files (x86)\Microsoft Visual Studio\2017\Community\VC\Tools\MSVC\14.16.27023) and Windows 10.0.17763.0 SDK (C:\Program Files (x86)\Windows Kits\10).
  Parsing headers for TrainJamEditor
    Running UnrealHeaderTool "C:\Users\ruari\Documents\GitHub\Train_Jam-03-19\TrainJam\TrainJam.uproject" "C:\Users\ruari\Documents\GitHub\Train_Jam-03-19\TrainJam\Intermediate\Build\Win64\TrainJamEditor\Development\TrainJamEditor.uhtmanifest" -LogCmds="loginit warning, logexit warning, logdatabase error" -Unattended -WarningsAsErrors -installed
  Reflection code generated for TrainJamEditor in 11.587344 seconds
  Building 14 actions with 12 processes...
    [1/14] PCLaunch.rc
    [2/14] SharedPCH.Engine.cpp
    [3/14] TrainJam.cpp
    [4/14] PlayerCameraController.gen.cpp
    [5/14] PlayerInputManager.gen.cpp
    [6/14] PlayerInputManager.cpp
    [7/14] TrainJamGameModeBase.cpp
    [8/14] PlayerCameraController.cpp
    [9/14] TrainJam.init.gen.cpp
    [10/14] LevelManagerScript.cpp
    [11/14] LevelManagerScript.gen.cpp
    [12/14] TrainJamGameModeBase.gen.cpp
    [13/14] UE4Editor-TrainJam.lib
       Creating library C:\Users\ruari\Documents\GitHub\Train_Jam-03-19\TrainJam\Intermediate\Build\Win64\UE4Editor\Development\TrainJam\UE4Editor-TrainJam.lib and object C:\Users\ruari\Documents\GitHub\Train_Jam-03-19\TrainJam\Intermediate\Build\Win64\UE4Editor\Development\TrainJam\UE4Editor-TrainJam.exp
    [14/14] UE4Editor-TrainJam.dll
       Creating library C:\Users\ruari\Documents\GitHub\Train_Jam-03-19\TrainJam\Intermediate\Build\Win64\UE4Editor\Development\TrainJam\UE4Editor-TrainJam.suppressed.lib and object C:\Users\ruari\Documents\GitHub\Train_Jam-03-19\TrainJam\Intermediate\Build\Win64\UE4Editor\Development\TrainJam\UE4Editor-TrainJam.suppressed.exp
  Deploying TrainJamEditor Win64 Development...
  Total build time: 54.10 seconds (Parallel executor: 33.59 seconds)
